Determining if the pthread_create exist failed with the following output:
Change Dir: /home/waverunner/Waverunner_Code/WaveRunner2021/build/turtlesim/CMakeFiles/CMakeTmp

Run Build Command:"/usr/bin/make" "cmTC_76a01/fast"
/usr/bin/make -f CMakeFiles/cmTC_76a01.dir/build.make CMakeFiles/cmTC_76a01.dir/build
make[1]: Entering directory '/home/waverunner/Waverunner_Code/WaveRunner2021/build/turtlesim/CMakeFiles/CMakeTmp'
Building C object CMakeFiles/cmTC_76a01.dir/CheckSymbolExists.c.o
/usr/bin/cc    -o CMakeFiles/cmTC_76a01.dir/CheckSymbolExists.c.o   -c /home/waverunner/Waverunner_Code/WaveRunner2021/build/turtlesim/CMakeFiles/CMakeTmp/CheckSymbolExists.c
Linking C executable cmTC_76a01
/usr/bin/cmake -E cmake_link_script CMakeFiles/cmTC_76a01.dir/link.txt --verbose=1
/usr/bin/cc      CMakeFiles/cmTC_76a01.dir/CheckSymbolExists.c.o  -o cmTC_76a01 
CMakeFiles/cmTC_76a01.dir/CheckSymbolExists.c.o: In function `main':
CheckSymbolExists.c:(.text+0x14): undefined reference to `pthread_create'
CheckSymbolExists.c:(.text+0x18): undefined reference to `pthread_create'
collect2: error: ld returned 1 exit status
CMakeFiles/cmTC_76a01.dir/build.make:97: recipe for target 'cmTC_76a01' failed
make[1]: *** [cmTC_76a01] Error 1
make[1]: Leaving directory '/home/waverunner/Waverunner_Code/WaveRunner2021/build/turtlesim/CMakeFiles/CMakeTmp'
Makefile:126: recipe for target 'cmTC_76a01/fast' failed
make: *** [cmTC_76a01/fast] Error 2

File /home/waverunner/Waverunner_Code/WaveRunner2021/build/turtlesim/CMakeFiles/CMakeTmp/CheckSymbolExists.c:
/* */
#include <pthread.h>

int main(int argc, char** argv)
{
  (void)argv;
#ifndef pthread_create
  return ((int*)(&pthread_create))[argc];
#else
  (void)argc;
  return 0;
#endif
}

Determining if the function pthread_create exists in the pthreads failed with the following output:
Change Dir: /home/waverunner/Waverunner_Code/WaveRunner2021/build/turtlesim/CMakeFiles/CMakeTmp

Run Build Command:"/usr/bin/make" "cmTC_3261f/fast"
/usr/bin/make -f CMakeFiles/cmTC_3261f.dir/build.make CMakeFiles/cmTC_3261f.dir/build
make[1]: Entering directory '/home/waverunner/Waverunner_Code/WaveRunner2021/build/turtlesim/CMakeFiles/CMakeTmp'
Building C object CMakeFiles/cmTC_3261f.dir/CheckFunctionExists.c.o
/usr/bin/cc   -DCHECK_FUNCTION_EXISTS=pthread_create   -o CMakeFiles/cmTC_3261f.dir/CheckFunctionExists.c.o   -c /usr/share/cmake-3.10/Modules/CheckFunctionExists.c
Linking C executable cmTC_3261f
/usr/bin/cmake -E cmake_link_script CMakeFiles/cmTC_3261f.dir/link.txt --verbose=1
/usr/bin/cc  -DCHECK_FUNCTION_EXISTS=pthread_create    CMakeFiles/cmTC_3261f.dir/CheckFunctionExists.c.o  -o cmTC_3261f -lpthreads 
/usr/bin/ld: cannot find -lpthreads
collect2: error: ld returned 1 exit status
CMakeFiles/cmTC_3261f.dir/build.make:97: recipe for target 'cmTC_3261f' failed
make[1]: *** [cmTC_3261f] Error 1
make[1]: Leaving directory '/home/waverunner/Waverunner_Code/WaveRunner2021/build/turtlesim/CMakeFiles/CMakeTmp'
Makefile:126: recipe for target 'cmTC_3261f/fast' failed
make: *** [cmTC_3261f/fast] Error 2


