[1.495s] DEBUG:colcon:Command line arguments: ['/usr/bin/colcon', 'build']
[1.496s] DEBUG:colcon:Parsed command line arguments: Namespace(ament_cmake_args=None, base_paths=['.'], build_base='build', catkin_cmake_args=None, catkin_skip_building_tests=False, cmake_args=None, cmake_clean_cache=False, cmake_clean_first=False, cmake_force_configure=False, cmake_target=None, cmake_target_skip_unavailable=False, continue_on_error=False, event_handlers=None, executor='parallel', ignore_user_meta=False, install_base='install', log_base=None, log_level=None, main=<bound method BuildVerb.main of <colcon_core.verb.build.BuildVerb object at 0x7f92762208>>, merge_install=False, metas=['./colcon.meta'], packages_above=None, packages_above_and_dependencies=None, packages_above_depth=None, packages_end=None, packages_ignore=None, packages_ignore_regex=None, packages_select=None, packages_select_build_failed=False, packages_select_by_dep=None, packages_select_regex=None, packages_select_test_failures=False, packages_skip=None, packages_skip_build_finished=False, packages_skip_by_dep=None, packages_skip_regex=None, packages_skip_test_passed=False, packages_skip_up_to=None, packages_start=None, packages_up_to=None, packages_up_to_regex=None, parallel_workers=2, paths=None, symlink_install=False, test_result_base=None, verb_extension=<colcon_core.verb.build.BuildVerb object at 0x7f92762208>, verb_name='build', verb_parser=<colcon_defaults.argument_parser.defaults.DefaultArgumentsDecorator object at 0x7f92762550>)
[1.550s] Level 1:colcon.colcon_core.package_discovery:discover_packages(colcon_meta) check parameters
[1.551s] Level 1:colcon.colcon_core.package_discovery:discover_packages(recursive) check parameters
[1.552s] Level 1:colcon.colcon_core.package_discovery:discover_packages(ignore) check parameters
[1.552s] Level 1:colcon.colcon_core.package_discovery:discover_packages(path) check parameters
[1.552s] Level 1:colcon.colcon_core.package_discovery:discover_packages(colcon_meta) discover
[1.554s] Level 1:colcon.colcon_core.package_discovery:discover_packages(recursive) discover
[1.555s] INFO:colcon.colcon_core.package_discovery:Crawling recursively for packages in '/home/waverunner/Waverunner_Code/WaveRunner2021'
[1.555s] Level 1:colcon.colcon_core.package_identification:_identify(.) by extensions ['ignore', 'ignore_ament_install']
[1.556s] Level 1:colcon.colcon_core.package_identification:_identify(.) by extension 'ignore'
[1.557s] Level 1:colcon.colcon_core.package_identification:_identify(.) by extension 'ignore_ament_install'
[1.558s] Level 1:colcon.colcon_core.package_identification:_identify(.) by extensions ['colcon_pkg']
[1.558s] Level 1:colcon.colcon_core.package_identification:_identify(.) by extension 'colcon_pkg'
[1.558s] Level 1:colcon.colcon_core.package_identification:_identify(.) by extensions ['colcon_meta']
[1.559s] Level 1:colcon.colcon_core.package_identification:_identify(.) by extension 'colcon_meta'
[1.559s] Level 1:colcon.colcon_core.package_identification:_identify(.) by extensions ['ros']
[1.560s] Level 1:colcon.colcon_core.package_identification:_identify(.) by extension 'ros'
[1.667s] Level 1:colcon.colcon_core.package_identification:_identify(.) by extensions ['cmake', 'python']
[1.667s] Level 1:colcon.colcon_core.package_identification:_identify(.) by extension 'cmake'
[1.668s] Level 1:colcon.colcon_core.package_identification:_identify(.) by extension 'python'
[1.668s] Level 1:colcon.colcon_core.package_identification:_identify(.) by extensions ['python_setup_py']
[1.669s] Level 1:colcon.colcon_core.package_identification:_identify(.) by extension 'python_setup_py'
[1.670s] Level 1:colcon.colcon_core.package_identification:_identify(Backup) by extensions ['ignore', 'ignore_ament_install']
[1.671s] Level 1:colcon.colcon_core.package_identification:_identify(Backup) by extension 'ignore'
[1.671s] Level 1:colcon.colcon_core.package_identification:_identify(Backup) by extension 'ignore_ament_install'
[1.672s] Level 1:colcon.colcon_core.package_identification:_identify(Backup) by extensions ['colcon_pkg']
[1.672s] Level 1:colcon.colcon_core.package_identification:_identify(Backup) by extension 'colcon_pkg'
[1.673s] Level 1:colcon.colcon_core.package_identification:_identify(Backup) by extensions ['colcon_meta']
[1.673s] Level 1:colcon.colcon_core.package_identification:_identify(Backup) by extension 'colcon_meta'
[1.673s] Level 1:colcon.colcon_core.package_identification:_identify(Backup) by extensions ['ros']
[1.674s] Level 1:colcon.colcon_core.package_identification:_identify(Backup) by extension 'ros'
[1.674s] Level 1:colcon.colcon_core.package_identification:_identify(Backup) by extensions ['cmake', 'python']
[1.675s] Level 1:colcon.colcon_core.package_identification:_identify(Backup) by extension 'cmake'
[1.675s] Level 1:colcon.colcon_core.package_identification:_identify(Backup) by extension 'python'
[1.675s] Level 1:colcon.colcon_core.package_identification:_identify(Backup) by extensions ['python_setup_py']
[1.676s] Level 1:colcon.colcon_core.package_identification:_identify(Backup) by extension 'python_setup_py'
[1.677s] Level 1:colcon.colcon_core.package_identification:_identify(Backup/waverunner_package) by extensions ['ignore', 'ignore_ament_install']
[1.677s] Level 1:colcon.colcon_core.package_identification:_identify(Backup/waverunner_package) by extension 'ignore'
[1.678s] Level 1:colcon.colcon_core.package_identification:_identify(Backup/waverunner_package) by extension 'ignore_ament_install'
[1.678s] Level 1:colcon.colcon_core.package_identification:_identify(Backup/waverunner_package) by extensions ['colcon_pkg']
[1.679s] Level 1:colcon.colcon_core.package_identification:_identify(Backup/waverunner_package) by extension 'colcon_pkg'
[1.679s] Level 1:colcon.colcon_core.package_identification:_identify(Backup/waverunner_package) by extensions ['colcon_meta']
[1.679s] Level 1:colcon.colcon_core.package_identification:_identify(Backup/waverunner_package) by extension 'colcon_meta'
[1.680s] Level 1:colcon.colcon_core.package_identification:_identify(Backup/waverunner_package) by extensions ['ros']
[1.680s] Level 1:colcon.colcon_core.package_identification:_identify(Backup/waverunner_package) by extension 'ros'
[1.681s] Level 1:colcon.colcon_core.package_identification:_identify(Backup/waverunner_package) by extensions ['cmake', 'python']
[1.681s] Level 1:colcon.colcon_core.package_identification:_identify(Backup/waverunner_package) by extension 'cmake'
[1.682s] Level 1:colcon.colcon_core.package_identification:_identify(Backup/waverunner_package) by extension 'python'
[1.683s] Level 1:colcon.colcon_core.package_identification:_identify(Backup/waverunner_package) by extensions ['python_setup_py']
[1.683s] Level 1:colcon.colcon_core.package_identification:_identify(Backup/waverunner_package) by extension 'python_setup_py'
[1.684s] Level 1:colcon.colcon_core.package_identification:_identify(Backup/waverunner_package/__pycache__) by extensions ['ignore', 'ignore_ament_install']
[1.685s] Level 1:colcon.colcon_core.package_identification:_identify(Backup/waverunner_package/__pycache__) by extension 'ignore'
[1.686s] Level 1:colcon.colcon_core.package_identification:_identify(Backup/waverunner_package/__pycache__) by extension 'ignore_ament_install'
[1.686s] Level 1:colcon.colcon_core.package_identification:_identify(Backup/waverunner_package/__pycache__) by extensions ['colcon_pkg']
[1.687s] Level 1:colcon.colcon_core.package_identification:_identify(Backup/waverunner_package/__pycache__) by extension 'colcon_pkg'
[1.687s] Level 1:colcon.colcon_core.package_identification:_identify(Backup/waverunner_package/__pycache__) by extensions ['colcon_meta']
[1.688s] Level 1:colcon.colcon_core.package_identification:_identify(Backup/waverunner_package/__pycache__) by extension 'colcon_meta'
[1.700s] Level 1:colcon.colcon_core.package_identification:_identify(Backup/waverunner_package/__pycache__) by extensions ['ros']
[1.700s] Level 1:colcon.colcon_core.package_identification:_identify(Backup/waverunner_package/__pycache__) by extension 'ros'
[1.702s] Level 1:colcon.colcon_core.package_identification:_identify(Backup/waverunner_package/__pycache__) by extensions ['cmake', 'python']
[1.703s] Level 1:colcon.colcon_core.package_identification:_identify(Backup/waverunner_package/__pycache__) by extension 'cmake'
[1.703s] Level 1:colcon.colcon_core.package_identification:_identify(Backup/waverunner_package/__pycache__) by extension 'python'
[1.704s] Level 1:colcon.colcon_core.package_identification:_identify(Backup/waverunner_package/__pycache__) by extensions ['python_setup_py']
[1.704s] Level 1:colcon.colcon_core.package_identification:_identify(Backup/waverunner_package/__pycache__) by extension 'python_setup_py'
[1.712s] Level 1:colcon.colcon_core.package_identification:_identify(Backup/waverunner_package-0.0.0-py3.6.egg-info) by extensions ['ignore', 'ignore_ament_install']
[1.714s] Level 1:colcon.colcon_core.package_identification:_identify(Backup/waverunner_package-0.0.0-py3.6.egg-info) by extension 'ignore'
[1.715s] Level 1:colcon.colcon_core.package_identification:_identify(Backup/waverunner_package-0.0.0-py3.6.egg-info) by extension 'ignore_ament_install'
[1.715s] Level 1:colcon.colcon_core.package_identification:_identify(Backup/waverunner_package-0.0.0-py3.6.egg-info) by extensions ['colcon_pkg']
[1.716s] Level 1:colcon.colcon_core.package_identification:_identify(Backup/waverunner_package-0.0.0-py3.6.egg-info) by extension 'colcon_pkg'
[1.716s] Level 1:colcon.colcon_core.package_identification:_identify(Backup/waverunner_package-0.0.0-py3.6.egg-info) by extensions ['colcon_meta']
[1.716s] Level 1:colcon.colcon_core.package_identification:_identify(Backup/waverunner_package-0.0.0-py3.6.egg-info) by extension 'colcon_meta'
[1.717s] Level 1:colcon.colcon_core.package_identification:_identify(Backup/waverunner_package-0.0.0-py3.6.egg-info) by extensions ['ros']
[1.717s] Level 1:colcon.colcon_core.package_identification:_identify(Backup/waverunner_package-0.0.0-py3.6.egg-info) by extension 'ros'
[1.718s] Level 1:colcon.colcon_core.package_identification:_identify(Backup/waverunner_package-0.0.0-py3.6.egg-info) by extensions ['cmake', 'python']
[1.718s] Level 1:colcon.colcon_core.package_identification:_identify(Backup/waverunner_package-0.0.0-py3.6.egg-info) by extension 'cmake'
[1.719s] Level 1:colcon.colcon_core.package_identification:_identify(Backup/waverunner_package-0.0.0-py3.6.egg-info) by extension 'python'
[1.719s] Level 1:colcon.colcon_core.package_identification:_identify(Backup/waverunner_package-0.0.0-py3.6.egg-info) by extensions ['python_setup_py']
[1.719s] Level 1:colcon.colcon_core.package_identification:_identify(Backup/waverunner_package-0.0.0-py3.6.egg-info) by extension 'python_setup_py'
[1.720s] Level 1:colcon.colcon_core.package_identification:_identify(build) by extensions ['ignore', 'ignore_ament_install']
[1.727s] Level 1:colcon.colcon_core.package_identification:_identify(build) by extension 'ignore'
[1.727s] Level 1:colcon.colcon_core.package_identification:_identify(build) ignored
[1.734s] Level 1:colcon.colcon_core.package_identification:_identify(dev_workspace) by extensions ['ignore', 'ignore_ament_install']
[1.734s] Level 1:colcon.colcon_core.package_identification:_identify(dev_workspace) by extension 'ignore'
[1.735s] Level 1:colcon.colcon_core.package_identification:_identify(dev_workspace) by extension 'ignore_ament_install'
[1.735s] Level 1:colcon.colcon_core.package_identification:_identify(dev_workspace) by extensions ['colcon_pkg']
[1.736s] Level 1:colcon.colcon_core.package_identification:_identify(dev_workspace) by extension 'colcon_pkg'
[1.736s] Level 1:colcon.colcon_core.package_identification:_identify(dev_workspace) by extensions ['colcon_meta']
[1.740s] Level 1:colcon.colcon_core.package_identification:_identify(dev_workspace) by extension 'colcon_meta'
[1.740s] Level 1:colcon.colcon_core.package_identification:_identify(dev_workspace) by extensions ['ros']
[1.741s] Level 1:colcon.colcon_core.package_identification:_identify(dev_workspace) by extension 'ros'
[1.741s] Level 1:colcon.colcon_core.package_identification:_identify(dev_workspace) by extensions ['cmake', 'python']
[1.742s] Level 1:colcon.colcon_core.package_identification:_identify(dev_workspace) by extension 'cmake'
[1.742s] Level 1:colcon.colcon_core.package_identification:_identify(dev_workspace) by extension 'python'
[1.743s] Level 1:colcon.colcon_core.package_identification:_identify(dev_workspace) by extensions ['python_setup_py']
[1.743s] Level 1:colcon.colcon_core.package_identification:_identify(dev_workspace) by extension 'python_setup_py'
[1.744s] Level 1:colcon.colcon_core.package_identification:_identify(dev_workspace/build) by extensions ['ignore', 'ignore_ament_install']
[1.744s] Level 1:colcon.colcon_core.package_identification:_identify(dev_workspace/build) by extension 'ignore'
[1.749s] Level 1:colcon.colcon_core.package_identification:_identify(dev_workspace/build) ignored
[1.752s] Level 1:colcon.colcon_core.package_identification:_identify(dev_workspace/install) by extensions ['ignore', 'ignore_ament_install']
[1.754s] Level 1:colcon.colcon_core.package_identification:_identify(dev_workspace/install) by extension 'ignore'
[1.754s] Level 1:colcon.colcon_core.package_identification:_identify(dev_workspace/install) ignored
[1.758s] Level 1:colcon.colcon_core.package_identification:_identify(dev_workspace/log) by extensions ['ignore', 'ignore_ament_install']
[1.759s] Level 1:colcon.colcon_core.package_identification:_identify(dev_workspace/log) by extension 'ignore'
[1.762s] Level 1:colcon.colcon_core.package_identification:_identify(dev_workspace/log) ignored
[1.765s] Level 1:colcon.colcon_core.package_identification:_identify(dev_workspace/src) by extensions ['ignore', 'ignore_ament_install']
[1.768s] Level 1:colcon.colcon_core.package_identification:_identify(dev_workspace/src) by extension 'ignore'
[1.771s] Level 1:colcon.colcon_core.package_identification:_identify(dev_workspace/src) by extension 'ignore_ament_install'
[1.771s] Level 1:colcon.colcon_core.package_identification:_identify(dev_workspace/src) by extensions ['colcon_pkg']
[1.772s] Level 1:colcon.colcon_core.package_identification:_identify(dev_workspace/src) by extension 'colcon_pkg'
[1.776s] Level 1:colcon.colcon_core.package_identification:_identify(dev_workspace/src) by extensions ['colcon_meta']
[1.776s] Level 1:colcon.colcon_core.package_identification:_identify(dev_workspace/src) by extension 'colcon_meta'
[1.776s] Level 1:colcon.colcon_core.package_identification:_identify(dev_workspace/src) by extensions ['ros']
[1.777s] Level 1:colcon.colcon_core.package_identification:_identify(dev_workspace/src) by extension 'ros'
[1.777s] Level 1:colcon.colcon_core.package_identification:_identify(dev_workspace/src) by extensions ['cmake', 'python']
[1.778s] Level 1:colcon.colcon_core.package_identification:_identify(dev_workspace/src) by extension 'cmake'
[1.778s] Level 1:colcon.colcon_core.package_identification:_identify(dev_workspace/src) by extension 'python'
[1.779s] Level 1:colcon.colcon_core.package_identification:_identify(dev_workspace/src) by extensions ['python_setup_py']
[1.779s] Level 1:colcon.colcon_core.package_identification:_identify(dev_workspace/src) by extension 'python_setup_py'
[1.780s] Level 1:colcon.colcon_core.package_identification:_identify(dev_workspace/src/message_pkg) by extensions ['ignore', 'ignore_ament_install']
[1.787s] Level 1:colcon.colcon_core.package_identification:_identify(dev_workspace/src/message_pkg) by extension 'ignore'
[1.789s] Level 1:colcon.colcon_core.package_identification:_identify(dev_workspace/src/message_pkg) by extension 'ignore_ament_install'
[1.790s] Level 1:colcon.colcon_core.package_identification:_identify(dev_workspace/src/message_pkg) by extensions ['colcon_pkg']
[1.790s] Level 1:colcon.colcon_core.package_identification:_identify(dev_workspace/src/message_pkg) by extension 'colcon_pkg'
[1.790s] Level 1:colcon.colcon_core.package_identification:_identify(dev_workspace/src/message_pkg) by extensions ['colcon_meta']
[1.791s] Level 1:colcon.colcon_core.package_identification:_identify(dev_workspace/src/message_pkg) by extension 'colcon_meta'
[1.791s] Level 1:colcon.colcon_core.package_identification:_identify(dev_workspace/src/message_pkg) by extensions ['ros']
[1.792s] Level 1:colcon.colcon_core.package_identification:_identify(dev_workspace/src/message_pkg) by extension 'ros'
[1.815s] DEBUG:colcon.colcon_core.package_identification:Package 'dev_workspace/src/message_pkg' with type 'ros.ament_cmake' and name 'message_pkg'
[1.818s] Level 1:colcon.colcon_core.package_identification:_identify(dev_workspace/src/waverunner_package) by extensions ['ignore', 'ignore_ament_install']
[1.821s] Level 1:colcon.colcon_core.package_identification:_identify(dev_workspace/src/waverunner_package) by extension 'ignore'
[1.825s] Level 1:colcon.colcon_core.package_identification:_identify(dev_workspace/src/waverunner_package) by extension 'ignore_ament_install'
[1.826s] Level 1:colcon.colcon_core.package_identification:_identify(dev_workspace/src/waverunner_package) by extensions ['colcon_pkg']
[1.826s] Level 1:colcon.colcon_core.package_identification:_identify(dev_workspace/src/waverunner_package) by extension 'colcon_pkg'
[1.827s] Level 1:colcon.colcon_core.package_identification:_identify(dev_workspace/src/waverunner_package) by extensions ['colcon_meta']
[1.827s] Level 1:colcon.colcon_core.package_identification:_identify(dev_workspace/src/waverunner_package) by extension 'colcon_meta'
[1.827s] Level 1:colcon.colcon_core.package_identification:_identify(dev_workspace/src/waverunner_package) by extensions ['ros']
[1.828s] Level 1:colcon.colcon_core.package_identification:_identify(dev_workspace/src/waverunner_package) by extension 'ros'
[1.840s] DEBUG:colcon.colcon_core.package_identification:Package 'dev_workspace/src/waverunner_package' with type 'ros.ament_python' and name 'waverunner_package'
[1.843s] Level 1:colcon.colcon_core.package_identification:_identify(dev_ws) by extensions ['ignore', 'ignore_ament_install']
[1.846s] Level 1:colcon.colcon_core.package_identification:_identify(dev_ws) by extension 'ignore'
[1.848s] Level 1:colcon.colcon_core.package_identification:_identify(dev_ws) by extension 'ignore_ament_install'
[1.850s] Level 1:colcon.colcon_core.package_identification:_identify(dev_ws) by extensions ['colcon_pkg']
[1.859s] Level 1:colcon.colcon_core.package_identification:_identify(dev_ws) by extension 'colcon_pkg'
[1.859s] Level 1:colcon.colcon_core.package_identification:_identify(dev_ws) by extensions ['colcon_meta']
[1.860s] Level 1:colcon.colcon_core.package_identification:_identify(dev_ws) by extension 'colcon_meta'
[1.860s] Level 1:colcon.colcon_core.package_identification:_identify(dev_ws) by extensions ['ros']
[1.863s] Level 1:colcon.colcon_core.package_identification:_identify(dev_ws) by extension 'ros'
[1.864s] Level 1:colcon.colcon_core.package_identification:_identify(dev_ws) by extensions ['cmake', 'python']
[1.865s] Level 1:colcon.colcon_core.package_identification:_identify(dev_ws) by extension 'cmake'
[1.865s] Level 1:colcon.colcon_core.package_identification:_identify(dev_ws) by extension 'python'
[1.866s] Level 1:colcon.colcon_core.package_identification:_identify(dev_ws) by extensions ['python_setup_py']
[1.866s] Level 1:colcon.colcon_core.package_identification:_identify(dev_ws) by extension 'python_setup_py'
[1.867s] Level 1:colcon.colcon_core.package_identification:_identify(dev_ws/build) by extensions ['ignore', 'ignore_ament_install']
[1.867s] Level 1:colcon.colcon_core.package_identification:_identify(dev_ws/build) by extension 'ignore'
[1.868s] Level 1:colcon.colcon_core.package_identification:_identify(dev_ws/build) ignored
[1.869s] Level 1:colcon.colcon_core.package_identification:_identify(dev_ws/install) by extensions ['ignore', 'ignore_ament_install']
[1.869s] Level 1:colcon.colcon_core.package_identification:_identify(dev_ws/install) by extension 'ignore'
[1.870s] Level 1:colcon.colcon_core.package_identification:_identify(dev_ws/install) ignored
[1.871s] Level 1:colcon.colcon_core.package_identification:_identify(dev_ws/log) by extensions ['ignore', 'ignore_ament_install']
[1.871s] Level 1:colcon.colcon_core.package_identification:_identify(dev_ws/log) by extension 'ignore'
[1.872s] Level 1:colcon.colcon_core.package_identification:_identify(dev_ws/log) ignored
[1.872s] Level 1:colcon.colcon_core.package_identification:_identify(dev_ws/src) by extensions ['ignore', 'ignore_ament_install']
[1.878s] Level 1:colcon.colcon_core.package_identification:_identify(dev_ws/src) by extension 'ignore'
[1.880s] Level 1:colcon.colcon_core.package_identification:_identify(dev_ws/src) by extension 'ignore_ament_install'
[1.882s] Level 1:colcon.colcon_core.package_identification:_identify(dev_ws/src) by extensions ['colcon_pkg']
[1.885s] Level 1:colcon.colcon_core.package_identification:_identify(dev_ws/src) by extension 'colcon_pkg'
[1.886s] Level 1:colcon.colcon_core.package_identification:_identify(dev_ws/src) by extensions ['colcon_meta']
[1.887s] Level 1:colcon.colcon_core.package_identification:_identify(dev_ws/src) by extension 'colcon_meta'
[1.887s] Level 1:colcon.colcon_core.package_identification:_identify(dev_ws/src) by extensions ['ros']
[1.888s] Level 1:colcon.colcon_core.package_identification:_identify(dev_ws/src) by extension 'ros'
[1.888s] Level 1:colcon.colcon_core.package_identification:_identify(dev_ws/src) by extensions ['cmake', 'python']
[1.889s] Level 1:colcon.colcon_core.package_identification:_identify(dev_ws/src) by extension 'cmake'
[1.889s] Level 1:colcon.colcon_core.package_identification:_identify(dev_ws/src) by extension 'python'
[1.890s] Level 1:colcon.colcon_core.package_identification:_identify(dev_ws/src) by extensions ['python_setup_py']
[1.890s] Level 1:colcon.colcon_core.package_identification:_identify(dev_ws/src) by extension 'python_setup_py'
[1.891s] Level 1:colcon.colcon_core.package_identification:_identify(dev_ws/src/my_package) by extensions ['ignore', 'ignore_ament_install']
[1.891s] Level 1:colcon.colcon_core.package_identification:_identify(dev_ws/src/my_package) by extension 'ignore'
[1.892s] Level 1:colcon.colcon_core.package_identification:_identify(dev_ws/src/my_package) by extension 'ignore_ament_install'
[1.892s] Level 1:colcon.colcon_core.package_identification:_identify(dev_ws/src/my_package) by extensions ['colcon_pkg']
[1.901s] Level 1:colcon.colcon_core.package_identification:_identify(dev_ws/src/my_package) by extension 'colcon_pkg'
[1.903s] Level 1:colcon.colcon_core.package_identification:_identify(dev_ws/src/my_package) by extensions ['colcon_meta']
[1.904s] Level 1:colcon.colcon_core.package_identification:_identify(dev_ws/src/my_package) by extension 'colcon_meta'
[1.904s] Level 1:colcon.colcon_core.package_identification:_identify(dev_ws/src/my_package) by extensions ['ros']
[1.905s] Level 1:colcon.colcon_core.package_identification:_identify(dev_ws/src/my_package) by extension 'ros'
[1.912s] DEBUG:colcon.colcon_core.package_identification:Package 'dev_ws/src/my_package' with type 'ros.ament_python' and name 'my_package'
[1.915s] Level 1:colcon.colcon_core.package_identification:_identify(dev_ws/src/py_pubsub) by extensions ['ignore', 'ignore_ament_install']
[1.917s] Level 1:colcon.colcon_core.package_identification:_identify(dev_ws/src/py_pubsub) by extension 'ignore'
[1.920s] Level 1:colcon.colcon_core.package_identification:_identify(dev_ws/src/py_pubsub) by extension 'ignore_ament_install'
[1.922s] Level 1:colcon.colcon_core.package_identification:_identify(dev_ws/src/py_pubsub) by extensions ['colcon_pkg']
[1.923s] Level 1:colcon.colcon_core.package_identification:_identify(dev_ws/src/py_pubsub) by extension 'colcon_pkg'
[1.923s] Level 1:colcon.colcon_core.package_identification:_identify(dev_ws/src/py_pubsub) by extensions ['colcon_meta']
[1.923s] Level 1:colcon.colcon_core.package_identification:_identify(dev_ws/src/py_pubsub) by extension 'colcon_meta'
[1.924s] Level 1:colcon.colcon_core.package_identification:_identify(dev_ws/src/py_pubsub) by extensions ['ros']
[1.924s] Level 1:colcon.colcon_core.package_identification:_identify(dev_ws/src/py_pubsub) by extension 'ros'
[1.934s] DEBUG:colcon.colcon_core.package_identification:Package 'dev_ws/src/py_pubsub' with type 'ros.ament_python' and name 'py_pubsub'
[1.937s] Level 1:colcon.colcon_core.package_identification:_identify(dev_ws/src/ros_tutorials) by extensions ['ignore', 'ignore_ament_install']
[1.940s] Level 1:colcon.colcon_core.package_identification:_identify(dev_ws/src/ros_tutorials) by extension 'ignore'
[1.943s] Level 1:colcon.colcon_core.package_identification:_identify(dev_ws/src/ros_tutorials) by extension 'ignore_ament_install'
[1.945s] Level 1:colcon.colcon_core.package_identification:_identify(dev_ws/src/ros_tutorials) by extensions ['colcon_pkg']
[1.949s] Level 1:colcon.colcon_core.package_identification:_identify(dev_ws/src/ros_tutorials) by extension 'colcon_pkg'
[1.950s] Level 1:colcon.colcon_core.package_identification:_identify(dev_ws/src/ros_tutorials) by extensions ['colcon_meta']
[1.950s] Level 1:colcon.colcon_core.package_identification:_identify(dev_ws/src/ros_tutorials) by extension 'colcon_meta'
[1.951s] Level 1:colcon.colcon_core.package_identification:_identify(dev_ws/src/ros_tutorials) by extensions ['ros']
[1.951s] Level 1:colcon.colcon_core.package_identification:_identify(dev_ws/src/ros_tutorials) by extension 'ros'
[1.952s] Level 1:colcon.colcon_core.package_identification:_identify(dev_ws/src/ros_tutorials) by extensions ['cmake', 'python']
[1.952s] Level 1:colcon.colcon_core.package_identification:_identify(dev_ws/src/ros_tutorials) by extension 'cmake'
[1.953s] Level 1:colcon.colcon_core.package_identification:_identify(dev_ws/src/ros_tutorials) by extension 'python'
[1.953s] Level 1:colcon.colcon_core.package_identification:_identify(dev_ws/src/ros_tutorials) by extensions ['python_setup_py']
[1.953s] Level 1:colcon.colcon_core.package_identification:_identify(dev_ws/src/ros_tutorials) by extension 'python_setup_py'
[1.954s] Level 1:colcon.colcon_core.package_identification:_identify(dev_ws/src/ros_tutorials/ros_tutorials) by extensions ['ignore', 'ignore_ament_install']
[1.955s] Level 1:colcon.colcon_core.package_identification:_identify(dev_ws/src/ros_tutorials/ros_tutorials) by extension 'ignore'
[1.956s] Level 1:colcon.colcon_core.package_identification:_identify(dev_ws/src/ros_tutorials/ros_tutorials) ignored
[1.962s] Level 1:colcon.colcon_core.package_identification:_identify(dev_ws/src/ros_tutorials/roscpp_tutorials) by extensions ['ignore', 'ignore_ament_install']
[1.964s] Level 1:colcon.colcon_core.package_identification:_identify(dev_ws/src/ros_tutorials/roscpp_tutorials) by extension 'ignore'
[1.966s] Level 1:colcon.colcon_core.package_identification:_identify(dev_ws/src/ros_tutorials/roscpp_tutorials) ignored
[1.969s] Level 1:colcon.colcon_core.package_identification:_identify(dev_ws/src/ros_tutorials/rospy_tutorials) by extensions ['ignore', 'ignore_ament_install']
[1.972s] Level 1:colcon.colcon_core.package_identification:_identify(dev_ws/src/ros_tutorials/rospy_tutorials) by extension 'ignore'
[1.974s] Level 1:colcon.colcon_core.package_identification:_identify(dev_ws/src/ros_tutorials/rospy_tutorials) ignored
[1.975s] Level 1:colcon.colcon_core.package_identification:_identify(dev_ws/src/ros_tutorials/turtlesim) by extensions ['ignore', 'ignore_ament_install']
[1.976s] Level 1:colcon.colcon_core.package_identification:_identify(dev_ws/src/ros_tutorials/turtlesim) by extension 'ignore'
[1.976s] Level 1:colcon.colcon_core.package_identification:_identify(dev_ws/src/ros_tutorials/turtlesim) by extension 'ignore_ament_install'
[1.977s] Level 1:colcon.colcon_core.package_identification:_identify(dev_ws/src/ros_tutorials/turtlesim) by extensions ['colcon_pkg']
[1.977s] Level 1:colcon.colcon_core.package_identification:_identify(dev_ws/src/ros_tutorials/turtlesim) by extension 'colcon_pkg'
[1.978s] Level 1:colcon.colcon_core.package_identification:_identify(dev_ws/src/ros_tutorials/turtlesim) by extensions ['colcon_meta']
[1.978s] Level 1:colcon.colcon_core.package_identification:_identify(dev_ws/src/ros_tutorials/turtlesim) by extension 'colcon_meta'
[1.978s] Level 1:colcon.colcon_core.package_identification:_identify(dev_ws/src/ros_tutorials/turtlesim) by extensions ['ros']
[1.979s] Level 1:colcon.colcon_core.package_identification:_identify(dev_ws/src/ros_tutorials/turtlesim) by extension 'ros'
[1.994s] DEBUG:colcon.colcon_core.package_identification:Package 'dev_ws/src/ros_tutorials/turtlesim' with type 'ros.ament_cmake' and name 'turtlesim'
[1.997s] Level 1:colcon.colcon_core.package_identification:_identify(install) by extensions ['ignore', 'ignore_ament_install']
[1.999s] Level 1:colcon.colcon_core.package_identification:_identify(install) by extension 'ignore'
[2.005s] Level 1:colcon.colcon_core.package_identification:_identify(install) ignored
[2.008s] Level 1:colcon.colcon_core.package_identification:_identify(log) by extensions ['ignore', 'ignore_ament_install']
[2.012s] Level 1:colcon.colcon_core.package_identification:_identify(log) by extension 'ignore'
[2.013s] Level 1:colcon.colcon_core.package_identification:_identify(log) ignored
[2.013s] Level 1:colcon.colcon_core.package_discovery:discover_packages(recursive) using defaults
[2.015s] Level 1:colcon.colcon_core.package_discovery:discover_packages(ignore) discover
[2.015s] Level 1:colcon.colcon_core.package_discovery:discover_packages(ignore) using defaults
[2.015s] Level 1:colcon.colcon_core.package_discovery:discover_packages(path) discover
[2.016s] Level 1:colcon.colcon_core.package_discovery:discover_packages(path) using defaults
[2.225s] Level 5:colcon.colcon_core.verb:set package 'message_pkg' build argument 'cmake_args' from command line to 'None'
[2.228s] Level 5:colcon.colcon_core.verb:set package 'message_pkg' build argument 'cmake_target' from command line to 'None'
[2.233s] Level 5:colcon.colcon_core.verb:set package 'message_pkg' build argument 'cmake_target_skip_unavailable' from command line to 'False'
[2.234s] Level 5:colcon.colcon_core.verb:set package 'message_pkg' build argument 'cmake_clean_cache' from command line to 'False'
[2.235s] Level 5:colcon.colcon_core.verb:set package 'message_pkg' build argument 'cmake_clean_first' from command line to 'False'
[2.235s] Level 5:colcon.colcon_core.verb:set package 'message_pkg' build argument 'cmake_force_configure' from command line to 'False'
[2.235s] Level 5:colcon.colcon_core.verb:set package 'message_pkg' build argument 'ament_cmake_args' from command line to 'None'
[2.236s] Level 5:colcon.colcon_core.verb:set package 'message_pkg' build argument 'catkin_cmake_args' from command line to 'None'
[2.236s] Level 5:colcon.colcon_core.verb:set package 'message_pkg' build argument 'catkin_skip_building_tests' from command line to 'False'
[2.236s] DEBUG:colcon.colcon_core.verb:Building package 'message_pkg' with the following arguments: {'ament_cmake_args': None, 'build_base': '/home/waverunner/Waverunner_Code/WaveRunner2021/build/message_pkg', 'catkin_cmake_args': None, 'catkin_skip_building_tests': False, 'cmake_args': None, 'cmake_clean_cache': False, 'cmake_clean_first': False, 'cmake_force_configure': False, 'cmake_target': None, 'cmake_target_skip_unavailable': False, 'install_base': '/home/waverunner/Waverunner_Code/WaveRunner2021/install/message_pkg', 'merge_install': False, 'path': '/home/waverunner/Waverunner_Code/WaveRunner2021/dev_workspace/src/message_pkg', 'symlink_install': False, 'test_result_base': None}
[2.277s] Level 5:colcon.colcon_core.verb:set package 'my_package' build argument 'cmake_args' from command line to 'None'
[2.282s] Level 5:colcon.colcon_core.verb:set package 'my_package' build argument 'cmake_target' from command line to 'None'
[2.284s] Level 5:colcon.colcon_core.verb:set package 'my_package' build argument 'cmake_target_skip_unavailable' from command line to 'False'
[2.286s] Level 5:colcon.colcon_core.verb:set package 'my_package' build argument 'cmake_clean_cache' from command line to 'False'
[2.287s] Level 5:colcon.colcon_core.verb:set package 'my_package' build argument 'cmake_clean_first' from command line to 'False'
[2.287s] Level 5:colcon.colcon_core.verb:set package 'my_package' build argument 'cmake_force_configure' from command line to 'False'
[2.287s] Level 5:colcon.colcon_core.verb:set package 'my_package' build argument 'ament_cmake_args' from command line to 'None'
[2.288s] Level 5:colcon.colcon_core.verb:set package 'my_package' build argument 'catkin_cmake_args' from command line to 'None'
[2.288s] Level 5:colcon.colcon_core.verb:set package 'my_package' build argument 'catkin_skip_building_tests' from command line to 'False'
[2.288s] DEBUG:colcon.colcon_core.verb:Building package 'my_package' with the following arguments: {'ament_cmake_args': None, 'build_base': '/home/waverunner/Waverunner_Code/WaveRunner2021/build/my_package', 'catkin_cmake_args': None, 'catkin_skip_building_tests': False, 'cmake_args': None, 'cmake_clean_cache': False, 'cmake_clean_first': False, 'cmake_force_configure': False, 'cmake_target': None, 'cmake_target_skip_unavailable': False, 'install_base': '/home/waverunner/Waverunner_Code/WaveRunner2021/install/my_package', 'merge_install': False, 'path': '/home/waverunner/Waverunner_Code/WaveRunner2021/dev_ws/src/my_package', 'symlink_install': False, 'test_result_base': None}
[2.326s] Level 5:colcon.colcon_core.verb:set package 'py_pubsub' build argument 'cmake_args' from command line to 'None'
[2.328s] Level 5:colcon.colcon_core.verb:set package 'py_pubsub' build argument 'cmake_target' from command line to 'None'
[2.331s] Level 5:colcon.colcon_core.verb:set package 'py_pubsub' build argument 'cmake_target_skip_unavailable' from command line to 'False'
[2.334s] Level 5:colcon.colcon_core.verb:set package 'py_pubsub' build argument 'cmake_clean_cache' from command line to 'False'
[2.335s] Level 5:colcon.colcon_core.verb:set package 'py_pubsub' build argument 'cmake_clean_first' from command line to 'False'
[2.335s] Level 5:colcon.colcon_core.verb:set package 'py_pubsub' build argument 'cmake_force_configure' from command line to 'False'
[2.335s] Level 5:colcon.colcon_core.verb:set package 'py_pubsub' build argument 'ament_cmake_args' from command line to 'None'
[2.336s] Level 5:colcon.colcon_core.verb:set package 'py_pubsub' build argument 'catkin_cmake_args' from command line to 'None'
[2.336s] Level 5:colcon.colcon_core.verb:set package 'py_pubsub' build argument 'catkin_skip_building_tests' from command line to 'False'
[2.336s] DEBUG:colcon.colcon_core.verb:Building package 'py_pubsub' with the following arguments: {'ament_cmake_args': None, 'build_base': '/home/waverunner/Waverunner_Code/WaveRunner2021/build/py_pubsub', 'catkin_cmake_args': None, 'catkin_skip_building_tests': False, 'cmake_args': None, 'cmake_clean_cache': False, 'cmake_clean_first': False, 'cmake_force_configure': False, 'cmake_target': None, 'cmake_target_skip_unavailable': False, 'install_base': '/home/waverunner/Waverunner_Code/WaveRunner2021/install/py_pubsub', 'merge_install': False, 'path': '/home/waverunner/Waverunner_Code/WaveRunner2021/dev_ws/src/py_pubsub', 'symlink_install': False, 'test_result_base': None}
[2.376s] Level 5:colcon.colcon_core.verb:set package 'turtlesim' build argument 'cmake_args' from command line to 'None'
[2.378s] Level 5:colcon.colcon_core.verb:set package 'turtlesim' build argument 'cmake_target' from command line to 'None'
[2.380s] Level 5:colcon.colcon_core.verb:set package 'turtlesim' build argument 'cmake_target_skip_unavailable' from command line to 'False'
[2.382s] Level 5:colcon.colcon_core.verb:set package 'turtlesim' build argument 'cmake_clean_cache' from command line to 'False'
[2.384s] Level 5:colcon.colcon_core.verb:set package 'turtlesim' build argument 'cmake_clean_first' from command line to 'False'
[2.385s] Level 5:colcon.colcon_core.verb:set package 'turtlesim' build argument 'cmake_force_configure' from command line to 'False'
[2.385s] Level 5:colcon.colcon_core.verb:set package 'turtlesim' build argument 'ament_cmake_args' from command line to 'None'
[2.386s] Level 5:colcon.colcon_core.verb:set package 'turtlesim' build argument 'catkin_cmake_args' from command line to 'None'
[2.386s] Level 5:colcon.colcon_core.verb:set package 'turtlesim' build argument 'catkin_skip_building_tests' from command line to 'False'
[2.386s] DEBUG:colcon.colcon_core.verb:Building package 'turtlesim' with the following arguments: {'ament_cmake_args': None, 'build_base': '/home/waverunner/Waverunner_Code/WaveRunner2021/build/turtlesim', 'catkin_cmake_args': None, 'catkin_skip_building_tests': False, 'cmake_args': None, 'cmake_clean_cache': False, 'cmake_clean_first': False, 'cmake_force_configure': False, 'cmake_target': None, 'cmake_target_skip_unavailable': False, 'install_base': '/home/waverunner/Waverunner_Code/WaveRunner2021/install/turtlesim', 'merge_install': False, 'path': '/home/waverunner/Waverunner_Code/WaveRunner2021/dev_ws/src/ros_tutorials/turtlesim', 'symlink_install': False, 'test_result_base': None}
[2.430s] Level 5:colcon.colcon_core.verb:set package 'waverunner_package' build argument 'cmake_args' from command line to 'None'
[2.433s] Level 5:colcon.colcon_core.verb:set package 'waverunner_package' build argument 'cmake_target' from command line to 'None'
[2.435s] Level 5:colcon.colcon_core.verb:set package 'waverunner_package' build argument 'cmake_target_skip_unavailable' from command line to 'False'
[2.440s] Level 5:colcon.colcon_core.verb:set package 'waverunner_package' build argument 'cmake_clean_cache' from command line to 'False'
[2.442s] Level 5:colcon.colcon_core.verb:set package 'waverunner_package' build argument 'cmake_clean_first' from command line to 'False'
[2.442s] Level 5:colcon.colcon_core.verb:set package 'waverunner_package' build argument 'cmake_force_configure' from command line to 'False'
[2.442s] Level 5:colcon.colcon_core.verb:set package 'waverunner_package' build argument 'ament_cmake_args' from command line to 'None'
[2.443s] Level 5:colcon.colcon_core.verb:set package 'waverunner_package' build argument 'catkin_cmake_args' from command line to 'None'
[2.443s] Level 5:colcon.colcon_core.verb:set package 'waverunner_package' build argument 'catkin_skip_building_tests' from command line to 'False'
[2.443s] DEBUG:colcon.colcon_core.verb:Building package 'waverunner_package' with the following arguments: {'ament_cmake_args': None, 'build_base': '/home/waverunner/Waverunner_Code/WaveRunner2021/build/waverunner_package', 'catkin_cmake_args': None, 'catkin_skip_building_tests': False, 'cmake_args': None, 'cmake_clean_cache': False, 'cmake_clean_first': False, 'cmake_force_configure': False, 'cmake_target': None, 'cmake_target_skip_unavailable': False, 'install_base': '/home/waverunner/Waverunner_Code/WaveRunner2021/install/waverunner_package', 'merge_install': False, 'path': '/home/waverunner/Waverunner_Code/WaveRunner2021/dev_workspace/src/waverunner_package', 'symlink_install': False, 'test_result_base': None}
[2.447s] INFO:colcon.colcon_core.executor:Executing jobs using 'parallel' executor
[2.478s] DEBUG:colcon.colcon_parallel_executor.executor.parallel:run_until_complete
[2.490s] INFO:colcon.colcon_ros.task.ament_cmake.build:Building ROS package in '/home/waverunner/Waverunner_Code/WaveRunner2021/dev_workspace/src/message_pkg' with build type 'ament_cmake'
[2.495s] INFO:colcon.colcon_cmake.task.cmake.build:Building CMake package in '/home/waverunner/Waverunner_Code/WaveRunner2021/dev_workspace/src/message_pkg'
[2.528s] INFO:colcon.colcon_core.plugin_system:Skipping extension 'colcon_core.shell.bat': Not used on non-Windows systems
[2.541s] INFO:colcon.colcon_core.shell:Skip shell extension 'powershell' for command environment: Not usable outside of PowerShell
[2.544s] DEBUG:colcon.colcon_core.shell:Skip shell extension 'dsv' for command environment
[2.591s] DEBUG:colcon.colcon_core.shell:Ignoring prefix path '/opt/ros/dashing'
[2.631s] INFO:colcon.colcon_ros.task.ament_python.build:Building ROS package in '/home/waverunner/Waverunner_Code/WaveRunner2021/dev_ws/src/my_package' with build type 'ament_python'
[2.632s] Level 1:colcon.colcon_core.shell:create_environment_hook('my_package', 'ament_prefix_path')
[2.639s] INFO:colcon.colcon_core.shell:Creating environment hook '/home/waverunner/Waverunner_Code/WaveRunner2021/install/my_package/share/my_package/hook/ament_prefix_path.ps1'
[2.643s] INFO:colcon.colcon_core.shell:Creating environment descriptor '/home/waverunner/Waverunner_Code/WaveRunner2021/install/my_package/share/my_package/hook/ament_prefix_path.dsv'
[2.647s] INFO:colcon.colcon_core.shell:Creating environment hook '/home/waverunner/Waverunner_Code/WaveRunner2021/install/my_package/share/my_package/hook/ament_prefix_path.sh'
[2.656s] INFO:colcon.colcon_core.shell:Skip shell extension 'powershell' for command environment: Not usable outside of PowerShell
[2.657s] DEBUG:colcon.colcon_core.shell:Skip shell extension 'dsv' for command environment
[2.680s] DEBUG:colcon.colcon_core.shell:Ignoring prefix path '/opt/ros/dashing'
[2.722s] DEBUG:colcon.colcon_core.event_handler.log_command:Invoking command in '/home/waverunner/Waverunner_Code/WaveRunner2021/build/message_pkg': CMAKE_PREFIX_PATH=/opt/ros/dashing /usr/bin/cmake /home/waverunner/Waverunner_Code/WaveRunner2021/dev_workspace/src/message_pkg -DCMAKE_INSTALL_PREFIX=/home/waverunner/Waverunner_Code/WaveRunner2021/install/message_pkg
[8.134s] INFO:colcon.colcon_core.task.python.build:Building Python package in '/home/waverunner/Waverunner_Code/WaveRunner2021/dev_ws/src/my_package'
[8.157s] INFO:colcon.colcon_core.shell:Skip shell extension 'powershell' for command environment: Not usable outside of PowerShell
[8.157s] DEBUG:colcon.colcon_core.shell:Skip shell extension 'dsv' for command environment
[8.206s] DEBUG:colcon.colcon_core.shell:Ignoring prefix path '/opt/ros/dashing'
[8.323s] DEBUG:colcon.colcon_core.event_handler.log_command:Invoking command in '/home/waverunner/Waverunner_Code/WaveRunner2021/dev_ws/src/my_package': PYTHONPATH=/home/waverunner/Waverunner_Code/WaveRunner2021/install/my_package/lib/python3.6/site-packages:${PYTHONPATH} /usr/bin/python3 setup.py egg_info --egg-base ../../../build/my_package build --build-base /home/waverunner/Waverunner_Code/WaveRunner2021/build/my_package/build install --prefix /home/waverunner/Waverunner_Code/WaveRunner2021/install/my_package --record /home/waverunner/Waverunner_Code/WaveRunner2021/build/my_package/install.log --single-version-externally-managed
[14.534s] DEBUG:colcon.colcon_core.event_handler.log_command:Invoked command in '/home/waverunner/Waverunner_Code/WaveRunner2021/dev_ws/src/my_package' returned '0': PYTHONPATH=/home/waverunner/Waverunner_Code/WaveRunner2021/install/my_package/lib/python3.6/site-packages:${PYTHONPATH} /usr/bin/python3 setup.py egg_info --egg-base ../../../build/my_package build --build-base /home/waverunner/Waverunner_Code/WaveRunner2021/build/my_package/build install --prefix /home/waverunner/Waverunner_Code/WaveRunner2021/install/my_package --record /home/waverunner/Waverunner_Code/WaveRunner2021/build/my_package/install.log --single-version-externally-managed
[14.607s] Level 1:colcon.colcon_core.environment:checking '/home/waverunner/Waverunner_Code/WaveRunner2021/install/my_package' for CMake module files
[14.628s] Level 1:colcon.colcon_core.environment:checking '/home/waverunner/Waverunner_Code/WaveRunner2021/install/my_package' for CMake config files
[14.652s] Level 1:colcon.colcon_core.environment:checking '/home/waverunner/Waverunner_Code/WaveRunner2021/install/my_package/lib'
[14.653s] Level 1:colcon.colcon_core.environment:checking '/home/waverunner/Waverunner_Code/WaveRunner2021/install/my_package/bin'
[14.654s] Level 1:colcon.colcon_core.environment:checking '/home/waverunner/Waverunner_Code/WaveRunner2021/install/my_package/lib/pkgconfig/my_package.pc'
[14.654s] Level 1:colcon.colcon_core.environment:checking '/home/waverunner/Waverunner_Code/WaveRunner2021/install/my_package/lib/python3.6/site-packages'
[14.655s] Level 1:colcon.colcon_core.shell:create_environment_hook('my_package', 'pythonpath')
[14.697s] INFO:colcon.colcon_core.shell:Creating environment hook '/home/waverunner/Waverunner_Code/WaveRunner2021/install/my_package/share/my_package/hook/pythonpath.ps1'
[14.700s] INFO:colcon.colcon_core.shell:Creating environment descriptor '/home/waverunner/Waverunner_Code/WaveRunner2021/install/my_package/share/my_package/hook/pythonpath.dsv'
[14.712s] INFO:colcon.colcon_core.shell:Creating environment hook '/home/waverunner/Waverunner_Code/WaveRunner2021/install/my_package/share/my_package/hook/pythonpath.sh'
[14.722s] Level 1:colcon.colcon_core.environment:create_environment_scripts_only(my_package)
[14.742s] INFO:colcon.colcon_core.shell:Creating package script '/home/waverunner/Waverunner_Code/WaveRunner2021/install/my_package/share/my_package/package.ps1'
[14.770s] INFO:colcon.colcon_core.shell:Creating package descriptor '/home/waverunner/Waverunner_Code/WaveRunner2021/install/my_package/share/my_package/package.dsv'
[14.788s] INFO:colcon.colcon_core.shell:Creating package script '/home/waverunner/Waverunner_Code/WaveRunner2021/install/my_package/share/my_package/package.sh'
[14.814s] INFO:colcon.colcon_core.shell:Creating package script '/home/waverunner/Waverunner_Code/WaveRunner2021/install/my_package/share/my_package/package.bash'
[14.840s] INFO:colcon.colcon_core.shell:Creating package script '/home/waverunner/Waverunner_Code/WaveRunner2021/install/my_package/share/my_package/package.zsh'
[14.860s] Level 1:colcon.colcon_core.environment:create_file_with_runtime_dependencies(/home/waverunner/Waverunner_Code/WaveRunner2021/install/my_package/share/colcon-core/packages/my_package)
[14.879s] INFO:colcon.colcon_ros.task.ament_python.build:Building ROS package in '/home/waverunner/Waverunner_Code/WaveRunner2021/dev_ws/src/py_pubsub' with build type 'ament_python'
[14.889s] Level 1:colcon.colcon_core.shell:create_environment_hook('py_pubsub', 'ament_prefix_path')
[14.907s] INFO:colcon.colcon_core.shell:Creating environment hook '/home/waverunner/Waverunner_Code/WaveRunner2021/install/py_pubsub/share/py_pubsub/hook/ament_prefix_path.ps1'
[14.922s] INFO:colcon.colcon_core.shell:Creating environment descriptor '/home/waverunner/Waverunner_Code/WaveRunner2021/install/py_pubsub/share/py_pubsub/hook/ament_prefix_path.dsv'
[14.924s] INFO:colcon.colcon_core.shell:Creating environment hook '/home/waverunner/Waverunner_Code/WaveRunner2021/install/py_pubsub/share/py_pubsub/hook/ament_prefix_path.sh'
[14.936s] INFO:colcon.colcon_core.shell:Skip shell extension 'powershell' for command environment: Not usable outside of PowerShell
[14.936s] DEBUG:colcon.colcon_core.shell:Skip shell extension 'dsv' for command environment
[14.960s] DEBUG:colcon.colcon_core.shell:Ignoring prefix path '/opt/ros/dashing'
[20.081s] INFO:colcon.colcon_core.task.python.build:Building Python package in '/home/waverunner/Waverunner_Code/WaveRunner2021/dev_ws/src/py_pubsub'
[20.088s] INFO:colcon.colcon_core.shell:Skip shell extension 'powershell' for command environment: Not usable outside of PowerShell
[20.093s] DEBUG:colcon.colcon_core.shell:Skip shell extension 'dsv' for command environment
[20.137s] DEBUG:colcon.colcon_core.shell:Ignoring prefix path '/opt/ros/dashing'
[20.274s] DEBUG:colcon.colcon_core.event_handler.log_command:Invoking command in '/home/waverunner/Waverunner_Code/WaveRunner2021/dev_ws/src/py_pubsub': PYTHONPATH=/home/waverunner/Waverunner_Code/WaveRunner2021/install/py_pubsub/lib/python3.6/site-packages:${PYTHONPATH} /usr/bin/python3 setup.py egg_info --egg-base ../../../build/py_pubsub build --build-base /home/waverunner/Waverunner_Code/WaveRunner2021/build/py_pubsub/build install --prefix /home/waverunner/Waverunner_Code/WaveRunner2021/install/py_pubsub --record /home/waverunner/Waverunner_Code/WaveRunner2021/build/py_pubsub/install.log --single-version-externally-managed
[26.580s] DEBUG:colcon.colcon_core.event_handler.log_command:Invoked command in '/home/waverunner/Waverunner_Code/WaveRunner2021/dev_ws/src/py_pubsub' returned '0': PYTHONPATH=/home/waverunner/Waverunner_Code/WaveRunner2021/install/py_pubsub/lib/python3.6/site-packages:${PYTHONPATH} /usr/bin/python3 setup.py egg_info --egg-base ../../../build/py_pubsub build --build-base /home/waverunner/Waverunner_Code/WaveRunner2021/build/py_pubsub/build install --prefix /home/waverunner/Waverunner_Code/WaveRunner2021/install/py_pubsub --record /home/waverunner/Waverunner_Code/WaveRunner2021/build/py_pubsub/install.log --single-version-externally-managed
[26.591s] Level 1:colcon.colcon_core.environment:checking '/home/waverunner/Waverunner_Code/WaveRunner2021/install/py_pubsub' for CMake module files
[26.610s] Level 1:colcon.colcon_core.environment:checking '/home/waverunner/Waverunner_Code/WaveRunner2021/install/py_pubsub' for CMake config files
[26.630s] Level 1:colcon.colcon_core.environment:checking '/home/waverunner/Waverunner_Code/WaveRunner2021/install/py_pubsub/lib'
[26.633s] Level 1:colcon.colcon_core.environment:checking '/home/waverunner/Waverunner_Code/WaveRunner2021/install/py_pubsub/bin'
[26.637s] Level 1:colcon.colcon_core.environment:checking '/home/waverunner/Waverunner_Code/WaveRunner2021/install/py_pubsub/lib/pkgconfig/py_pubsub.pc'
[26.640s] Level 1:colcon.colcon_core.environment:checking '/home/waverunner/Waverunner_Code/WaveRunner2021/install/py_pubsub/lib/python3.6/site-packages'
[26.642s] Level 1:colcon.colcon_core.shell:create_environment_hook('py_pubsub', 'pythonpath')
[26.658s] INFO:colcon.colcon_core.shell:Creating environment hook '/home/waverunner/Waverunner_Code/WaveRunner2021/install/py_pubsub/share/py_pubsub/hook/pythonpath.ps1'
[26.671s] INFO:colcon.colcon_core.shell:Creating environment descriptor '/home/waverunner/Waverunner_Code/WaveRunner2021/install/py_pubsub/share/py_pubsub/hook/pythonpath.dsv'
[26.674s] INFO:colcon.colcon_core.shell:Creating environment hook '/home/waverunner/Waverunner_Code/WaveRunner2021/install/py_pubsub/share/py_pubsub/hook/pythonpath.sh'
[26.687s] Level 1:colcon.colcon_core.environment:create_environment_scripts_only(py_pubsub)
[26.707s] INFO:colcon.colcon_core.shell:Creating package script '/home/waverunner/Waverunner_Code/WaveRunner2021/install/py_pubsub/share/py_pubsub/package.ps1'
[26.723s] INFO:colcon.colcon_core.shell:Creating package descriptor '/home/waverunner/Waverunner_Code/WaveRunner2021/install/py_pubsub/share/py_pubsub/package.dsv'
[26.737s] INFO:colcon.colcon_core.shell:Creating package script '/home/waverunner/Waverunner_Code/WaveRunner2021/install/py_pubsub/share/py_pubsub/package.sh'
[26.753s] INFO:colcon.colcon_core.shell:Creating package script '/home/waverunner/Waverunner_Code/WaveRunner2021/install/py_pubsub/share/py_pubsub/package.bash'
[26.756s] INFO:colcon.colcon_core.shell:Creating package script '/home/waverunner/Waverunner_Code/WaveRunner2021/install/py_pubsub/share/py_pubsub/package.zsh'
[26.775s] Level 1:colcon.colcon_core.environment:create_file_with_runtime_dependencies(/home/waverunner/Waverunner_Code/WaveRunner2021/install/py_pubsub/share/colcon-core/packages/py_pubsub)
[26.777s] INFO:colcon.colcon_ros.task.ament_cmake.build:Building ROS package in '/home/waverunner/Waverunner_Code/WaveRunner2021/dev_ws/src/ros_tutorials/turtlesim' with build type 'ament_cmake'
[26.785s] INFO:colcon.colcon_cmake.task.cmake.build:Building CMake package in '/home/waverunner/Waverunner_Code/WaveRunner2021/dev_ws/src/ros_tutorials/turtlesim'
[26.804s] INFO:colcon.colcon_core.shell:Skip shell extension 'powershell' for command environment: Not usable outside of PowerShell
[26.804s] DEBUG:colcon.colcon_core.shell:Skip shell extension 'dsv' for command environment
[26.837s] DEBUG:colcon.colcon_core.shell:Ignoring prefix path '/opt/ros/dashing'
[26.942s] DEBUG:colcon.colcon_core.event_handler.log_command:Invoking command in '/home/waverunner/Waverunner_Code/WaveRunner2021/build/turtlesim': CMAKE_PREFIX_PATH=/opt/ros/dashing /usr/bin/cmake --build /home/waverunner/Waverunner_Code/WaveRunner2021/build/turtlesim -- -j2 -l2
[37.639s] DEBUG:colcon.colcon_core.event_handler.log_command:Invoked command in '/home/waverunner/Waverunner_Code/WaveRunner2021/build/message_pkg' returned '0': CMAKE_PREFIX_PATH=/opt/ros/dashing /usr/bin/cmake /home/waverunner/Waverunner_Code/WaveRunner2021/dev_workspace/src/message_pkg -DCMAKE_INSTALL_PREFIX=/home/waverunner/Waverunner_Code/WaveRunner2021/install/message_pkg
[37.680s] DEBUG:colcon.colcon_core.event_handler.log_command:Invoking command in '/home/waverunner/Waverunner_Code/WaveRunner2021/build/message_pkg': CMAKE_PREFIX_PATH=/opt/ros/dashing /usr/bin/cmake --build /home/waverunner/Waverunner_Code/WaveRunner2021/build/message_pkg -- -j2 -l2
[42.337s] DEBUG:colcon.colcon_parallel_executor.executor.parallel:run_until_complete was interrupted
[42.338s] DEBUG:colcon.colcon_parallel_executor.executor.parallel:run_until_complete again
[42.746s] DEBUG:colcon.colcon_core.event_handler.log_command:Invoked command in '/home/waverunner/Waverunner_Code/WaveRunner2021/build/message_pkg' returned '-2': CMAKE_PREFIX_PATH=/opt/ros/dashing /usr/bin/cmake --build /home/waverunner/Waverunner_Code/WaveRunner2021/build/message_pkg -- -j2 -l2
[42.963s] DEBUG:colcon.colcon_core.event_handler.log_command:Invoked command in '/home/waverunner/Waverunner_Code/WaveRunner2021/build/turtlesim' returned '-2': CMAKE_PREFIX_PATH=/opt/ros/dashing /usr/bin/cmake --build /home/waverunner/Waverunner_Code/WaveRunner2021/build/turtlesim -- -j2 -l2
[43.199s] Level 1:colcon.colcon_core.environment:create_environment_scripts_only(message_pkg)
[43.235s] Level 1:colcon.colcon_core.environment:checking '/home/waverunner/Waverunner_Code/WaveRunner2021/install/message_pkg' for CMake module files
[43.279s] Level 1:colcon.colcon_core.environment:checking '/home/waverunner/Waverunner_Code/WaveRunner2021/install/message_pkg' for CMake config files
[43.303s] Level 1:colcon.colcon_core.environment:checking '/home/waverunner/Waverunner_Code/WaveRunner2021/install/message_pkg/bin'
[43.303s] Level 1:colcon.colcon_core.environment:checking '/home/waverunner/Waverunner_Code/WaveRunner2021/install/message_pkg/lib/pkgconfig/message_pkg.pc'
[43.304s] Level 1:colcon.colcon_core.environment:checking '/home/waverunner/Waverunner_Code/WaveRunner2021/install/message_pkg/lib/python3.6/site-packages'
[43.372s] INFO:colcon.colcon_core.shell:Creating package script '/home/waverunner/Waverunner_Code/WaveRunner2021/install/message_pkg/share/message_pkg/package.ps1'
[43.387s] INFO:colcon.colcon_core.shell:Creating package descriptor '/home/waverunner/Waverunner_Code/WaveRunner2021/install/message_pkg/share/message_pkg/package.dsv'
[43.403s] INFO:colcon.colcon_core.shell:Creating package script '/home/waverunner/Waverunner_Code/WaveRunner2021/install/message_pkg/share/message_pkg/package.sh'
[43.478s] INFO:colcon.colcon_core.shell:Creating package script '/home/waverunner/Waverunner_Code/WaveRunner2021/install/message_pkg/share/message_pkg/package.bash'
[43.500s] INFO:colcon.colcon_core.shell:Creating package script '/home/waverunner/Waverunner_Code/WaveRunner2021/install/message_pkg/share/message_pkg/package.zsh'
[43.563s] Level 1:colcon.colcon_core.environment:create_file_with_runtime_dependencies(/home/waverunner/Waverunner_Code/WaveRunner2021/install/message_pkg/share/colcon-core/packages/message_pkg)
[45.964s] Level 1:colcon.colcon_core.environment:create_environment_scripts_only(turtlesim)
[45.975s] Level 1:colcon.colcon_core.environment:checking '/home/waverunner/Waverunner_Code/WaveRunner2021/install/turtlesim' for CMake module files
[45.982s] Level 1:colcon.colcon_core.environment:checking '/home/waverunner/Waverunner_Code/WaveRunner2021/install/turtlesim' for CMake config files
[45.988s] Level 1:colcon.colcon_core.environment:checking '/home/waverunner/Waverunner_Code/WaveRunner2021/install/turtlesim/bin'
[45.991s] Level 1:colcon.colcon_core.environment:checking '/home/waverunner/Waverunner_Code/WaveRunner2021/install/turtlesim/lib/pkgconfig/turtlesim.pc'
[45.994s] Level 1:colcon.colcon_core.environment:checking '/home/waverunner/Waverunner_Code/WaveRunner2021/install/turtlesim/lib/python3.6/site-packages'
[46.003s] INFO:colcon.colcon_core.shell:Creating package script '/home/waverunner/Waverunner_Code/WaveRunner2021/install/turtlesim/share/turtlesim/package.ps1'
[46.013s] INFO:colcon.colcon_core.shell:Creating package descriptor '/home/waverunner/Waverunner_Code/WaveRunner2021/install/turtlesim/share/turtlesim/package.dsv'
[46.018s] INFO:colcon.colcon_core.shell:Creating package script '/home/waverunner/Waverunner_Code/WaveRunner2021/install/turtlesim/share/turtlesim/package.sh'
[46.030s] INFO:colcon.colcon_core.shell:Creating package script '/home/waverunner/Waverunner_Code/WaveRunner2021/install/turtlesim/share/turtlesim/package.bash'
[46.036s] INFO:colcon.colcon_core.shell:Creating package script '/home/waverunner/Waverunner_Code/WaveRunner2021/install/turtlesim/share/turtlesim/package.zsh'
[46.042s] Level 1:colcon.colcon_core.environment:create_file_with_runtime_dependencies(/home/waverunner/Waverunner_Code/WaveRunner2021/install/turtlesim/share/colcon-core/packages/turtlesim)
[46.057s] DEBUG:colcon.colcon_parallel_executor.executor.parallel:run_until_complete finished
[46.058s] DEBUG:colcon.colcon_parallel_executor.executor.parallel:closing loop
[46.066s] DEBUG:colcon.colcon_parallel_executor.executor.parallel:loop closed
[46.067s] DEBUG:colcon.colcon_core.event_reactor:joining thread
[46.151s] INFO:colcon.colcon_core.plugin_system:Skipping extension 'colcon_notification.desktop_notification.terminal_notifier': Not used on non-Darwin systems
[46.154s] INFO:colcon.colcon_core.plugin_system:Skipping extension 'colcon_notification.desktop_notification.win32': Not used on non-Windows systems
[46.157s] INFO:colcon.colcon_notification.desktop_notification:Sending desktop notification using 'notify2'
[46.194s] DEBUG:colcon.colcon_core.event_reactor:joined thread
[46.203s] INFO:colcon.colcon_core.shell:Creating prefix script '/home/waverunner/Waverunner_Code/WaveRunner2021/install/local_setup.ps1'
[46.239s] INFO:colcon.colcon_core.shell:Creating prefix util module '/home/waverunner/Waverunner_Code/WaveRunner2021/install/_local_setup_util_ps1.py'
[46.301s] INFO:colcon.colcon_core.shell:Creating prefix chain script '/home/waverunner/Waverunner_Code/WaveRunner2021/install/setup.ps1'
[46.340s] INFO:colcon.colcon_core.shell:Creating prefix script '/home/waverunner/Waverunner_Code/WaveRunner2021/install/local_setup.sh'
[46.345s] INFO:colcon.colcon_core.shell:Creating prefix util module '/home/waverunner/Waverunner_Code/WaveRunner2021/install/_local_setup_util_sh.py'
[46.351s] INFO:colcon.colcon_core.shell:Creating prefix chain script '/home/waverunner/Waverunner_Code/WaveRunner2021/install/setup.sh'
[46.383s] INFO:colcon.colcon_core.shell:Creating prefix script '/home/waverunner/Waverunner_Code/WaveRunner2021/install/local_setup.bash'
[46.387s] INFO:colcon.colcon_core.shell:Creating prefix chain script '/home/waverunner/Waverunner_Code/WaveRunner2021/install/setup.bash'
[46.411s] INFO:colcon.colcon_core.shell:Creating prefix script '/home/waverunner/Waverunner_Code/WaveRunner2021/install/local_setup.zsh'
[46.416s] INFO:colcon.colcon_core.shell:Creating prefix chain script '/home/waverunner/Waverunner_Code/WaveRunner2021/install/setup.zsh'
