[5.004s] Invoking command in '/home/waverunner/Waverunner_Code/WaveRunner2021/dev_ws/src/my_package': PYTHONPATH=/home/waverunner/Waverunner_Code/WaveRunner2021/install/my_package/lib/python3.6/site-packages:${PYTHONPATH} /usr/bin/python3 setup.py egg_info --egg-base ../../../build/my_package build --build-base /home/waverunner/Waverunner_Code/WaveRunner2021/build/my_package/build install --prefix /home/waverunner/Waverunner_Code/WaveRunner2021/install/my_package --record /home/waverunner/Waverunner_Code/WaveRunner2021/build/my_package/install.log --single-version-externally-managed
[7.734s] /home/waverunner/.local/lib/python3.6/site-packages/setuptools/dist.py:645: UserWarning: Usage of dash-separated 'script-dir' will not be supported in future versions. Please use the underscore name 'script_dir' instead
[7.743s]   % (opt, underscore_opt))
[7.744s] /home/waverunner/.local/lib/python3.6/site-packages/setuptools/dist.py:645: UserWarning: Usage of dash-separated 'install-scripts' will not be supported in future versions. Please use the underscore name 'install_scripts' instead
[7.745s]   % (opt, underscore_opt))
[8.044s] running egg_info
[8.047s] creating ../../../build/my_package/my_package.egg-info
[8.048s] writing ../../../build/my_package/my_package.egg-info/PKG-INFO
[8.051s] writing dependency_links to ../../../build/my_package/my_package.egg-info/dependency_links.txt
[8.051s] writing entry points to ../../../build/my_package/my_package.egg-info/entry_points.txt
[8.059s] writing requirements to ../../../build/my_package/my_package.egg-info/requires.txt
[8.061s] writing top-level names to ../../../build/my_package/my_package.egg-info/top_level.txt
[8.062s] writing manifest file '../../../build/my_package/my_package.egg-info/SOURCES.txt'
[8.567s] reading manifest file '../../../build/my_package/my_package.egg-info/SOURCES.txt'
[8.581s] writing manifest file '../../../build/my_package/my_package.egg-info/SOURCES.txt'
[8.582s] running build
[8.583s] running build_py
[8.584s] creating /home/waverunner/Waverunner_Code/WaveRunner2021/build/my_package/build
[8.585s] creating /home/waverunner/Waverunner_Code/WaveRunner2021/build/my_package/build/lib
[8.585s] creating /home/waverunner/Waverunner_Code/WaveRunner2021/build/my_package/build/lib/my_package
[8.589s] copying my_package/__init__.py -> /home/waverunner/Waverunner_Code/WaveRunner2021/build/my_package/build/lib/my_package
[8.592s] copying my_package/my_node.py -> /home/waverunner/Waverunner_Code/WaveRunner2021/build/my_package/build/lib/my_package
[8.593s] running install
[8.594s] running install_lib
[8.602s] creating /home/waverunner/Waverunner_Code/WaveRunner2021/install/my_package/lib/python3.6/site-packages/my_package
[8.606s] copying /home/waverunner/Waverunner_Code/WaveRunner2021/build/my_package/build/lib/my_package/__init__.py -> /home/waverunner/Waverunner_Code/WaveRunner2021/install/my_package/lib/python3.6/site-packages/my_package
[8.606s] copying /home/waverunner/Waverunner_Code/WaveRunner2021/build/my_package/build/lib/my_package/my_node.py -> /home/waverunner/Waverunner_Code/WaveRunner2021/install/my_package/lib/python3.6/site-packages/my_package
[8.607s] byte-compiling /home/waverunner/Waverunner_Code/WaveRunner2021/install/my_package/lib/python3.6/site-packages/my_package/__init__.py to __init__.cpython-36.pyc
[8.608s] byte-compiling /home/waverunner/Waverunner_Code/WaveRunner2021/install/my_package/lib/python3.6/site-packages/my_package/my_node.py to my_node.cpython-36.pyc
[8.609s] running install_data
[8.610s] creating /home/waverunner/Waverunner_Code/WaveRunner2021/install/my_package/share/ament_index
[8.610s] creating /home/waverunner/Waverunner_Code/WaveRunner2021/install/my_package/share/ament_index/resource_index
[8.611s] creating /home/waverunner/Waverunner_Code/WaveRunner2021/install/my_package/share/ament_index/resource_index/packages
[8.636s] copying resource/my_package -> /home/waverunner/Waverunner_Code/WaveRunner2021/install/my_package/share/ament_index/resource_index/packages
[8.644s] copying package.xml -> /home/waverunner/Waverunner_Code/WaveRunner2021/install/my_package/share/my_package
[8.645s] running install_egg_info
[8.646s] Copying ../../../build/my_package/my_package.egg-info to /home/waverunner/Waverunner_Code/WaveRunner2021/install/my_package/lib/python3.6/site-packages/my_package-0.0.0-py3.6.egg-info
[8.647s] running install_scripts
[8.832s] Installing my_node script to /home/waverunner/Waverunner_Code/WaveRunner2021/install/my_package/lib/my_package
[8.835s] writing list of installed files to '/home/waverunner/Waverunner_Code/WaveRunner2021/build/my_package/install.log'
[8.985s] Invoked command in '/home/waverunner/Waverunner_Code/WaveRunner2021/dev_ws/src/my_package' returned '0': PYTHONPATH=/home/waverunner/Waverunner_Code/WaveRunner2021/install/my_package/lib/python3.6/site-packages:${PYTHONPATH} /usr/bin/python3 setup.py egg_info --egg-base ../../../build/my_package build --build-base /home/waverunner/Waverunner_Code/WaveRunner2021/build/my_package/build install --prefix /home/waverunner/Waverunner_Code/WaveRunner2021/install/my_package --record /home/waverunner/Waverunner_Code/WaveRunner2021/build/my_package/install.log --single-version-externally-managed
