[1.523s] DEBUG:colcon:Command line arguments: ['/usr/bin/colcon', 'build']
[1.524s] DEBUG:colcon:Parsed command line arguments: Namespace(ament_cmake_args=None, base_paths=['.'], build_base='build', catkin_cmake_args=None, catkin_skip_building_tests=False, cmake_args=None, cmake_clean_cache=False, cmake_clean_first=False, cmake_force_configure=False, cmake_target=None, cmake_target_skip_unavailable=False, continue_on_error=False, event_handlers=None, executor='parallel', ignore_user_meta=False, install_base='install', log_base=None, log_level=None, main=<bound method BuildVerb.main of <colcon_core.verb.build.BuildVerb object at 0x7f7d00bf98>>, merge_install=False, metas=['./colcon.meta'], packages_above=None, packages_above_and_dependencies=None, packages_above_depth=None, packages_end=None, packages_ignore=None, packages_ignore_regex=None, packages_select=None, packages_select_build_failed=False, packages_select_by_dep=None, packages_select_regex=None, packages_select_test_failures=False, packages_skip=None, packages_skip_build_finished=False, packages_skip_by_dep=None, packages_skip_regex=None, packages_skip_test_passed=False, packages_skip_up_to=None, packages_start=None, packages_up_to=None, packages_up_to_regex=None, parallel_workers=2, paths=None, symlink_install=False, test_result_base=None, verb_extension=<colcon_core.verb.build.BuildVerb object at 0x7f7d00bf98>, verb_name='build', verb_parser=<colcon_defaults.argument_parser.defaults.DefaultArgumentsDecorator object at 0x7f7d018320>)
[1.593s] Level 1:colcon.colcon_core.package_discovery:discover_packages(colcon_meta) check parameters
[1.594s] Level 1:colcon.colcon_core.package_discovery:discover_packages(recursive) check parameters
[1.594s] Level 1:colcon.colcon_core.package_discovery:discover_packages(ignore) check parameters
[1.594s] Level 1:colcon.colcon_core.package_discovery:discover_packages(path) check parameters
[1.595s] Level 1:colcon.colcon_core.package_discovery:discover_packages(colcon_meta) discover
[1.597s] Level 1:colcon.colcon_core.package_discovery:discover_packages(recursive) discover
[1.598s] INFO:colcon.colcon_core.package_discovery:Crawling recursively for packages in '/home/waverunner/Waverunner_Code/WaveRunner2021'
[1.598s] Level 1:colcon.colcon_core.package_identification:_identify(.) by extensions ['ignore', 'ignore_ament_install']
[1.599s] Level 1:colcon.colcon_core.package_identification:_identify(.) by extension 'ignore'
[1.600s] Level 1:colcon.colcon_core.package_identification:_identify(.) by extension 'ignore_ament_install'
[1.601s] Level 1:colcon.colcon_core.package_identification:_identify(.) by extensions ['colcon_pkg']
[1.601s] Level 1:colcon.colcon_core.package_identification:_identify(.) by extension 'colcon_pkg'
[1.602s] Level 1:colcon.colcon_core.package_identification:_identify(.) by extensions ['colcon_meta']
[1.602s] Level 1:colcon.colcon_core.package_identification:_identify(.) by extension 'colcon_meta'
[1.603s] Level 1:colcon.colcon_core.package_identification:_identify(.) by extensions ['ros']
[1.603s] Level 1:colcon.colcon_core.package_identification:_identify(.) by extension 'ros'
[1.711s] Level 1:colcon.colcon_core.package_identification:_identify(.) by extensions ['cmake', 'python']
[1.711s] Level 1:colcon.colcon_core.package_identification:_identify(.) by extension 'cmake'
[1.712s] Level 1:colcon.colcon_core.package_identification:_identify(.) by extension 'python'
[1.712s] Level 1:colcon.colcon_core.package_identification:_identify(.) by extensions ['python_setup_py']
[1.713s] Level 1:colcon.colcon_core.package_identification:_identify(.) by extension 'python_setup_py'
[1.714s] Level 1:colcon.colcon_core.package_identification:_identify(build) by extensions ['ignore', 'ignore_ament_install']
[1.715s] Level 1:colcon.colcon_core.package_identification:_identify(build) by extension 'ignore'
[1.715s] Level 1:colcon.colcon_core.package_identification:_identify(build) ignored
[1.718s] Level 1:colcon.colcon_core.package_identification:_identify(dev_workspace) by extensions ['ignore', 'ignore_ament_install']
[1.719s] Level 1:colcon.colcon_core.package_identification:_identify(dev_workspace) by extension 'ignore'
[1.720s] Level 1:colcon.colcon_core.package_identification:_identify(dev_workspace) by extension 'ignore_ament_install'
[1.720s] Level 1:colcon.colcon_core.package_identification:_identify(dev_workspace) by extensions ['colcon_pkg']
[1.721s] Level 1:colcon.colcon_core.package_identification:_identify(dev_workspace) by extension 'colcon_pkg'
[1.721s] Level 1:colcon.colcon_core.package_identification:_identify(dev_workspace) by extensions ['colcon_meta']
[1.721s] Level 1:colcon.colcon_core.package_identification:_identify(dev_workspace) by extension 'colcon_meta'
[1.722s] Level 1:colcon.colcon_core.package_identification:_identify(dev_workspace) by extensions ['ros']
[1.722s] Level 1:colcon.colcon_core.package_identification:_identify(dev_workspace) by extension 'ros'
[1.723s] Level 1:colcon.colcon_core.package_identification:_identify(dev_workspace) by extensions ['cmake', 'python']
[1.723s] Level 1:colcon.colcon_core.package_identification:_identify(dev_workspace) by extension 'cmake'
[1.724s] Level 1:colcon.colcon_core.package_identification:_identify(dev_workspace) by extension 'python'
[1.724s] Level 1:colcon.colcon_core.package_identification:_identify(dev_workspace) by extensions ['python_setup_py']
[1.724s] Level 1:colcon.colcon_core.package_identification:_identify(dev_workspace) by extension 'python_setup_py'
[1.725s] Level 1:colcon.colcon_core.package_identification:_identify(dev_workspace/build) by extensions ['ignore', 'ignore_ament_install']
[1.726s] Level 1:colcon.colcon_core.package_identification:_identify(dev_workspace/build) by extension 'ignore'
[1.726s] Level 1:colcon.colcon_core.package_identification:_identify(dev_workspace/build) ignored
[1.727s] Level 1:colcon.colcon_core.package_identification:_identify(dev_workspace/install) by extensions ['ignore', 'ignore_ament_install']
[1.728s] Level 1:colcon.colcon_core.package_identification:_identify(dev_workspace/install) by extension 'ignore'
[1.728s] Level 1:colcon.colcon_core.package_identification:_identify(dev_workspace/install) ignored
[1.729s] Level 1:colcon.colcon_core.package_identification:_identify(dev_workspace/log) by extensions ['ignore', 'ignore_ament_install']
[1.730s] Level 1:colcon.colcon_core.package_identification:_identify(dev_workspace/log) by extension 'ignore'
[1.731s] Level 1:colcon.colcon_core.package_identification:_identify(dev_workspace/log) ignored
[1.732s] Level 1:colcon.colcon_core.package_identification:_identify(dev_workspace/src) by extensions ['ignore', 'ignore_ament_install']
[1.733s] Level 1:colcon.colcon_core.package_identification:_identify(dev_workspace/src) by extension 'ignore'
[1.733s] Level 1:colcon.colcon_core.package_identification:_identify(dev_workspace/src) by extension 'ignore_ament_install'
[1.734s] Level 1:colcon.colcon_core.package_identification:_identify(dev_workspace/src) by extensions ['colcon_pkg']
[1.734s] Level 1:colcon.colcon_core.package_identification:_identify(dev_workspace/src) by extension 'colcon_pkg'
[1.735s] Level 1:colcon.colcon_core.package_identification:_identify(dev_workspace/src) by extensions ['colcon_meta']
[1.735s] Level 1:colcon.colcon_core.package_identification:_identify(dev_workspace/src) by extension 'colcon_meta'
[1.735s] Level 1:colcon.colcon_core.package_identification:_identify(dev_workspace/src) by extensions ['ros']
[1.736s] Level 1:colcon.colcon_core.package_identification:_identify(dev_workspace/src) by extension 'ros'
[1.737s] Level 1:colcon.colcon_core.package_identification:_identify(dev_workspace/src) by extensions ['cmake', 'python']
[1.737s] Level 1:colcon.colcon_core.package_identification:_identify(dev_workspace/src) by extension 'cmake'
[1.737s] Level 1:colcon.colcon_core.package_identification:_identify(dev_workspace/src) by extension 'python'
[1.738s] Level 1:colcon.colcon_core.package_identification:_identify(dev_workspace/src) by extensions ['python_setup_py']
[1.738s] Level 1:colcon.colcon_core.package_identification:_identify(dev_workspace/src) by extension 'python_setup_py'
[1.739s] Level 1:colcon.colcon_core.package_identification:_identify(dev_workspace/src/waverunner_package) by extensions ['ignore', 'ignore_ament_install']
[1.740s] Level 1:colcon.colcon_core.package_identification:_identify(dev_workspace/src/waverunner_package) by extension 'ignore'
[1.740s] Level 1:colcon.colcon_core.package_identification:_identify(dev_workspace/src/waverunner_package) by extension 'ignore_ament_install'
[1.741s] Level 1:colcon.colcon_core.package_identification:_identify(dev_workspace/src/waverunner_package) by extensions ['colcon_pkg']
[1.741s] Level 1:colcon.colcon_core.package_identification:_identify(dev_workspace/src/waverunner_package) by extension 'colcon_pkg'
[1.742s] Level 1:colcon.colcon_core.package_identification:_identify(dev_workspace/src/waverunner_package) by extensions ['colcon_meta']
[1.742s] Level 1:colcon.colcon_core.package_identification:_identify(dev_workspace/src/waverunner_package) by extension 'colcon_meta'
[1.742s] Level 1:colcon.colcon_core.package_identification:_identify(dev_workspace/src/waverunner_package) by extensions ['ros']
[1.743s] Level 1:colcon.colcon_core.package_identification:_identify(dev_workspace/src/waverunner_package) by extension 'ros'
[1.761s] DEBUG:colcon.colcon_core.package_identification:Package 'dev_workspace/src/waverunner_package' with type 'ros.ament_python' and name 'waverunner_package'
[1.762s] Level 1:colcon.colcon_core.package_identification:_identify(dev_ws) by extensions ['ignore', 'ignore_ament_install']
[1.763s] Level 1:colcon.colcon_core.package_identification:_identify(dev_ws) by extension 'ignore'
[1.763s] Level 1:colcon.colcon_core.package_identification:_identify(dev_ws) by extension 'ignore_ament_install'
[1.764s] Level 1:colcon.colcon_core.package_identification:_identify(dev_ws) by extensions ['colcon_pkg']
[1.765s] Level 1:colcon.colcon_core.package_identification:_identify(dev_ws) by extension 'colcon_pkg'
[1.765s] Level 1:colcon.colcon_core.package_identification:_identify(dev_ws) by extensions ['colcon_meta']
[1.765s] Level 1:colcon.colcon_core.package_identification:_identify(dev_ws) by extension 'colcon_meta'
[1.766s] Level 1:colcon.colcon_core.package_identification:_identify(dev_ws) by extensions ['ros']
[1.766s] Level 1:colcon.colcon_core.package_identification:_identify(dev_ws) by extension 'ros'
[1.767s] Level 1:colcon.colcon_core.package_identification:_identify(dev_ws) by extensions ['cmake', 'python']
[1.767s] Level 1:colcon.colcon_core.package_identification:_identify(dev_ws) by extension 'cmake'
[1.768s] Level 1:colcon.colcon_core.package_identification:_identify(dev_ws) by extension 'python'
[1.768s] Level 1:colcon.colcon_core.package_identification:_identify(dev_ws) by extensions ['python_setup_py']
[1.768s] Level 1:colcon.colcon_core.package_identification:_identify(dev_ws) by extension 'python_setup_py'
[1.769s] Level 1:colcon.colcon_core.package_identification:_identify(dev_ws/build) by extensions ['ignore', 'ignore_ament_install']
[1.770s] Level 1:colcon.colcon_core.package_identification:_identify(dev_ws/build) by extension 'ignore'
[1.770s] Level 1:colcon.colcon_core.package_identification:_identify(dev_ws/build) ignored
[1.771s] Level 1:colcon.colcon_core.package_identification:_identify(dev_ws/install) by extensions ['ignore', 'ignore_ament_install']
[1.772s] Level 1:colcon.colcon_core.package_identification:_identify(dev_ws/install) by extension 'ignore'
[1.773s] Level 1:colcon.colcon_core.package_identification:_identify(dev_ws/install) ignored
[1.774s] Level 1:colcon.colcon_core.package_identification:_identify(dev_ws/log) by extensions ['ignore', 'ignore_ament_install']
[1.775s] Level 1:colcon.colcon_core.package_identification:_identify(dev_ws/log) by extension 'ignore'
[1.775s] Level 1:colcon.colcon_core.package_identification:_identify(dev_ws/log) ignored
[1.776s] Level 1:colcon.colcon_core.package_identification:_identify(dev_ws/src) by extensions ['ignore', 'ignore_ament_install']
[1.777s] Level 1:colcon.colcon_core.package_identification:_identify(dev_ws/src) by extension 'ignore'
[1.777s] Level 1:colcon.colcon_core.package_identification:_identify(dev_ws/src) by extension 'ignore_ament_install'
[1.778s] Level 1:colcon.colcon_core.package_identification:_identify(dev_ws/src) by extensions ['colcon_pkg']
[1.778s] Level 1:colcon.colcon_core.package_identification:_identify(dev_ws/src) by extension 'colcon_pkg'
[1.779s] Level 1:colcon.colcon_core.package_identification:_identify(dev_ws/src) by extensions ['colcon_meta']
[1.779s] Level 1:colcon.colcon_core.package_identification:_identify(dev_ws/src) by extension 'colcon_meta'
[1.779s] Level 1:colcon.colcon_core.package_identification:_identify(dev_ws/src) by extensions ['ros']
[1.780s] Level 1:colcon.colcon_core.package_identification:_identify(dev_ws/src) by extension 'ros'
[1.781s] Level 1:colcon.colcon_core.package_identification:_identify(dev_ws/src) by extensions ['cmake', 'python']
[1.781s] Level 1:colcon.colcon_core.package_identification:_identify(dev_ws/src) by extension 'cmake'
[1.782s] Level 1:colcon.colcon_core.package_identification:_identify(dev_ws/src) by extension 'python'
[1.782s] Level 1:colcon.colcon_core.package_identification:_identify(dev_ws/src) by extensions ['python_setup_py']
[1.782s] Level 1:colcon.colcon_core.package_identification:_identify(dev_ws/src) by extension 'python_setup_py'
[1.783s] Level 1:colcon.colcon_core.package_identification:_identify(dev_ws/src/my_package) by extensions ['ignore', 'ignore_ament_install']
[1.784s] Level 1:colcon.colcon_core.package_identification:_identify(dev_ws/src/my_package) by extension 'ignore'
[1.785s] Level 1:colcon.colcon_core.package_identification:_identify(dev_ws/src/my_package) by extension 'ignore_ament_install'
[1.785s] Level 1:colcon.colcon_core.package_identification:_identify(dev_ws/src/my_package) by extensions ['colcon_pkg']
[1.786s] Level 1:colcon.colcon_core.package_identification:_identify(dev_ws/src/my_package) by extension 'colcon_pkg'
[1.786s] Level 1:colcon.colcon_core.package_identification:_identify(dev_ws/src/my_package) by extensions ['colcon_meta']
[1.786s] Level 1:colcon.colcon_core.package_identification:_identify(dev_ws/src/my_package) by extension 'colcon_meta'
[1.787s] Level 1:colcon.colcon_core.package_identification:_identify(dev_ws/src/my_package) by extensions ['ros']
[1.787s] Level 1:colcon.colcon_core.package_identification:_identify(dev_ws/src/my_package) by extension 'ros'
[1.793s] DEBUG:colcon.colcon_core.package_identification:Package 'dev_ws/src/my_package' with type 'ros.ament_python' and name 'my_package'
[1.794s] Level 1:colcon.colcon_core.package_identification:_identify(dev_ws/src/py_pubsub) by extensions ['ignore', 'ignore_ament_install']
[1.794s] Level 1:colcon.colcon_core.package_identification:_identify(dev_ws/src/py_pubsub) by extension 'ignore'
[1.795s] Level 1:colcon.colcon_core.package_identification:_identify(dev_ws/src/py_pubsub) by extension 'ignore_ament_install'
[1.796s] Level 1:colcon.colcon_core.package_identification:_identify(dev_ws/src/py_pubsub) by extensions ['colcon_pkg']
[1.796s] Level 1:colcon.colcon_core.package_identification:_identify(dev_ws/src/py_pubsub) by extension 'colcon_pkg'
[1.796s] Level 1:colcon.colcon_core.package_identification:_identify(dev_ws/src/py_pubsub) by extensions ['colcon_meta']
[1.797s] Level 1:colcon.colcon_core.package_identification:_identify(dev_ws/src/py_pubsub) by extension 'colcon_meta'
[1.798s] Level 1:colcon.colcon_core.package_identification:_identify(dev_ws/src/py_pubsub) by extensions ['ros']
[1.798s] Level 1:colcon.colcon_core.package_identification:_identify(dev_ws/src/py_pubsub) by extension 'ros'
[1.803s] DEBUG:colcon.colcon_core.package_identification:Package 'dev_ws/src/py_pubsub' with type 'ros.ament_python' and name 'py_pubsub'
[1.804s] Level 1:colcon.colcon_core.package_identification:_identify(dev_ws/src/ros_tutorials) by extensions ['ignore', 'ignore_ament_install']
[1.805s] Level 1:colcon.colcon_core.package_identification:_identify(dev_ws/src/ros_tutorials) by extension 'ignore'
[1.805s] Level 1:colcon.colcon_core.package_identification:_identify(dev_ws/src/ros_tutorials) by extension 'ignore_ament_install'
[1.806s] Level 1:colcon.colcon_core.package_identification:_identify(dev_ws/src/ros_tutorials) by extensions ['colcon_pkg']
[1.806s] Level 1:colcon.colcon_core.package_identification:_identify(dev_ws/src/ros_tutorials) by extension 'colcon_pkg'
[1.807s] Level 1:colcon.colcon_core.package_identification:_identify(dev_ws/src/ros_tutorials) by extensions ['colcon_meta']
[1.807s] Level 1:colcon.colcon_core.package_identification:_identify(dev_ws/src/ros_tutorials) by extension 'colcon_meta'
[1.808s] Level 1:colcon.colcon_core.package_identification:_identify(dev_ws/src/ros_tutorials) by extensions ['ros']
[1.808s] Level 1:colcon.colcon_core.package_identification:_identify(dev_ws/src/ros_tutorials) by extension 'ros'
[1.809s] Level 1:colcon.colcon_core.package_identification:_identify(dev_ws/src/ros_tutorials) by extensions ['cmake', 'python']
[1.809s] Level 1:colcon.colcon_core.package_identification:_identify(dev_ws/src/ros_tutorials) by extension 'cmake'
[1.810s] Level 1:colcon.colcon_core.package_identification:_identify(dev_ws/src/ros_tutorials) by extension 'python'
[1.810s] Level 1:colcon.colcon_core.package_identification:_identify(dev_ws/src/ros_tutorials) by extensions ['python_setup_py']
[1.810s] Level 1:colcon.colcon_core.package_identification:_identify(dev_ws/src/ros_tutorials) by extension 'python_setup_py'
[1.811s] Level 1:colcon.colcon_core.package_identification:_identify(dev_ws/src/ros_tutorials/ros_tutorials) by extensions ['ignore', 'ignore_ament_install']
[1.812s] Level 1:colcon.colcon_core.package_identification:_identify(dev_ws/src/ros_tutorials/ros_tutorials) by extension 'ignore'
[1.813s] Level 1:colcon.colcon_core.package_identification:_identify(dev_ws/src/ros_tutorials/ros_tutorials) ignored
[1.814s] Level 1:colcon.colcon_core.package_identification:_identify(dev_ws/src/ros_tutorials/roscpp_tutorials) by extensions ['ignore', 'ignore_ament_install']
[1.815s] Level 1:colcon.colcon_core.package_identification:_identify(dev_ws/src/ros_tutorials/roscpp_tutorials) by extension 'ignore'
[1.815s] Level 1:colcon.colcon_core.package_identification:_identify(dev_ws/src/ros_tutorials/roscpp_tutorials) ignored
[1.816s] Level 1:colcon.colcon_core.package_identification:_identify(dev_ws/src/ros_tutorials/rospy_tutorials) by extensions ['ignore', 'ignore_ament_install']
[1.817s] Level 1:colcon.colcon_core.package_identification:_identify(dev_ws/src/ros_tutorials/rospy_tutorials) by extension 'ignore'
[1.817s] Level 1:colcon.colcon_core.package_identification:_identify(dev_ws/src/ros_tutorials/rospy_tutorials) ignored
[1.818s] Level 1:colcon.colcon_core.package_identification:_identify(dev_ws/src/ros_tutorials/turtlesim) by extensions ['ignore', 'ignore_ament_install']
[1.819s] Level 1:colcon.colcon_core.package_identification:_identify(dev_ws/src/ros_tutorials/turtlesim) by extension 'ignore'
[1.820s] Level 1:colcon.colcon_core.package_identification:_identify(dev_ws/src/ros_tutorials/turtlesim) by extension 'ignore_ament_install'
[1.820s] Level 1:colcon.colcon_core.package_identification:_identify(dev_ws/src/ros_tutorials/turtlesim) by extensions ['colcon_pkg']
[1.821s] Level 1:colcon.colcon_core.package_identification:_identify(dev_ws/src/ros_tutorials/turtlesim) by extension 'colcon_pkg'
[1.821s] Level 1:colcon.colcon_core.package_identification:_identify(dev_ws/src/ros_tutorials/turtlesim) by extensions ['colcon_meta']
[1.821s] Level 1:colcon.colcon_core.package_identification:_identify(dev_ws/src/ros_tutorials/turtlesim) by extension 'colcon_meta'
[1.822s] Level 1:colcon.colcon_core.package_identification:_identify(dev_ws/src/ros_tutorials/turtlesim) by extensions ['ros']
[1.822s] Level 1:colcon.colcon_core.package_identification:_identify(dev_ws/src/ros_tutorials/turtlesim) by extension 'ros'
[1.836s] DEBUG:colcon.colcon_core.package_identification:Package 'dev_ws/src/ros_tutorials/turtlesim' with type 'ros.ament_cmake' and name 'turtlesim'
[1.837s] Level 1:colcon.colcon_core.package_identification:_identify(install) by extensions ['ignore', 'ignore_ament_install']
[1.838s] Level 1:colcon.colcon_core.package_identification:_identify(install) by extension 'ignore'
[1.838s] Level 1:colcon.colcon_core.package_identification:_identify(install) ignored
[1.839s] Level 1:colcon.colcon_core.package_identification:_identify(log) by extensions ['ignore', 'ignore_ament_install']
[1.840s] Level 1:colcon.colcon_core.package_identification:_identify(log) by extension 'ignore'
[1.840s] Level 1:colcon.colcon_core.package_identification:_identify(log) ignored
[1.841s] Level 1:colcon.colcon_core.package_discovery:discover_packages(recursive) using defaults
[1.843s] Level 1:colcon.colcon_core.package_discovery:discover_packages(ignore) discover
[1.843s] Level 1:colcon.colcon_core.package_discovery:discover_packages(ignore) using defaults
[1.843s] Level 1:colcon.colcon_core.package_discovery:discover_packages(path) discover
[1.844s] Level 1:colcon.colcon_core.package_discovery:discover_packages(path) using defaults
[2.062s] Level 5:colcon.colcon_core.verb:set package 'my_package' build argument 'cmake_args' from command line to 'None'
[2.062s] Level 5:colcon.colcon_core.verb:set package 'my_package' build argument 'cmake_target' from command line to 'None'
[2.063s] Level 5:colcon.colcon_core.verb:set package 'my_package' build argument 'cmake_target_skip_unavailable' from command line to 'False'
[2.063s] Level 5:colcon.colcon_core.verb:set package 'my_package' build argument 'cmake_clean_cache' from command line to 'False'
[2.063s] Level 5:colcon.colcon_core.verb:set package 'my_package' build argument 'cmake_clean_first' from command line to 'False'
[2.064s] Level 5:colcon.colcon_core.verb:set package 'my_package' build argument 'cmake_force_configure' from command line to 'False'
[2.064s] Level 5:colcon.colcon_core.verb:set package 'my_package' build argument 'ament_cmake_args' from command line to 'None'
[2.065s] Level 5:colcon.colcon_core.verb:set package 'my_package' build argument 'catkin_cmake_args' from command line to 'None'
[2.065s] Level 5:colcon.colcon_core.verb:set package 'my_package' build argument 'catkin_skip_building_tests' from command line to 'False'
[2.065s] DEBUG:colcon.colcon_core.verb:Building package 'my_package' with the following arguments: {'ament_cmake_args': None, 'build_base': '/home/waverunner/Waverunner_Code/WaveRunner2021/build/my_package', 'catkin_cmake_args': None, 'catkin_skip_building_tests': False, 'cmake_args': None, 'cmake_clean_cache': False, 'cmake_clean_first': False, 'cmake_force_configure': False, 'cmake_target': None, 'cmake_target_skip_unavailable': False, 'install_base': '/home/waverunner/Waverunner_Code/WaveRunner2021/install/my_package', 'merge_install': False, 'path': '/home/waverunner/Waverunner_Code/WaveRunner2021/dev_ws/src/my_package', 'symlink_install': False, 'test_result_base': None}
[2.102s] Level 5:colcon.colcon_core.verb:set package 'py_pubsub' build argument 'cmake_args' from command line to 'None'
[2.103s] Level 5:colcon.colcon_core.verb:set package 'py_pubsub' build argument 'cmake_target' from command line to 'None'
[2.103s] Level 5:colcon.colcon_core.verb:set package 'py_pubsub' build argument 'cmake_target_skip_unavailable' from command line to 'False'
[2.103s] Level 5:colcon.colcon_core.verb:set package 'py_pubsub' build argument 'cmake_clean_cache' from command line to 'False'
[2.104s] Level 5:colcon.colcon_core.verb:set package 'py_pubsub' build argument 'cmake_clean_first' from command line to 'False'
[2.104s] Level 5:colcon.colcon_core.verb:set package 'py_pubsub' build argument 'cmake_force_configure' from command line to 'False'
[2.105s] Level 5:colcon.colcon_core.verb:set package 'py_pubsub' build argument 'ament_cmake_args' from command line to 'None'
[2.105s] Level 5:colcon.colcon_core.verb:set package 'py_pubsub' build argument 'catkin_cmake_args' from command line to 'None'
[2.105s] Level 5:colcon.colcon_core.verb:set package 'py_pubsub' build argument 'catkin_skip_building_tests' from command line to 'False'
[2.106s] DEBUG:colcon.colcon_core.verb:Building package 'py_pubsub' with the following arguments: {'ament_cmake_args': None, 'build_base': '/home/waverunner/Waverunner_Code/WaveRunner2021/build/py_pubsub', 'catkin_cmake_args': None, 'catkin_skip_building_tests': False, 'cmake_args': None, 'cmake_clean_cache': False, 'cmake_clean_first': False, 'cmake_force_configure': False, 'cmake_target': None, 'cmake_target_skip_unavailable': False, 'install_base': '/home/waverunner/Waverunner_Code/WaveRunner2021/install/py_pubsub', 'merge_install': False, 'path': '/home/waverunner/Waverunner_Code/WaveRunner2021/dev_ws/src/py_pubsub', 'symlink_install': False, 'test_result_base': None}
[2.143s] Level 5:colcon.colcon_core.verb:set package 'turtlesim' build argument 'cmake_args' from command line to 'None'
[2.144s] Level 5:colcon.colcon_core.verb:set package 'turtlesim' build argument 'cmake_target' from command line to 'None'
[2.144s] Level 5:colcon.colcon_core.verb:set package 'turtlesim' build argument 'cmake_target_skip_unavailable' from command line to 'False'
[2.144s] Level 5:colcon.colcon_core.verb:set package 'turtlesim' build argument 'cmake_clean_cache' from command line to 'False'
[2.145s] Level 5:colcon.colcon_core.verb:set package 'turtlesim' build argument 'cmake_clean_first' from command line to 'False'
[2.145s] Level 5:colcon.colcon_core.verb:set package 'turtlesim' build argument 'cmake_force_configure' from command line to 'False'
[2.145s] Level 5:colcon.colcon_core.verb:set package 'turtlesim' build argument 'ament_cmake_args' from command line to 'None'
[2.145s] Level 5:colcon.colcon_core.verb:set package 'turtlesim' build argument 'catkin_cmake_args' from command line to 'None'
[2.146s] Level 5:colcon.colcon_core.verb:set package 'turtlesim' build argument 'catkin_skip_building_tests' from command line to 'False'
[2.146s] DEBUG:colcon.colcon_core.verb:Building package 'turtlesim' with the following arguments: {'ament_cmake_args': None, 'build_base': '/home/waverunner/Waverunner_Code/WaveRunner2021/build/turtlesim', 'catkin_cmake_args': None, 'catkin_skip_building_tests': False, 'cmake_args': None, 'cmake_clean_cache': False, 'cmake_clean_first': False, 'cmake_force_configure': False, 'cmake_target': None, 'cmake_target_skip_unavailable': False, 'install_base': '/home/waverunner/Waverunner_Code/WaveRunner2021/install/turtlesim', 'merge_install': False, 'path': '/home/waverunner/Waverunner_Code/WaveRunner2021/dev_ws/src/ros_tutorials/turtlesim', 'symlink_install': False, 'test_result_base': None}
[2.183s] Level 5:colcon.colcon_core.verb:set package 'waverunner_package' build argument 'cmake_args' from command line to 'None'
[2.183s] Level 5:colcon.colcon_core.verb:set package 'waverunner_package' build argument 'cmake_target' from command line to 'None'
[2.183s] Level 5:colcon.colcon_core.verb:set package 'waverunner_package' build argument 'cmake_target_skip_unavailable' from command line to 'False'
[2.184s] Level 5:colcon.colcon_core.verb:set package 'waverunner_package' build argument 'cmake_clean_cache' from command line to 'False'
[2.184s] Level 5:colcon.colcon_core.verb:set package 'waverunner_package' build argument 'cmake_clean_first' from command line to 'False'
[2.184s] Level 5:colcon.colcon_core.verb:set package 'waverunner_package' build argument 'cmake_force_configure' from command line to 'False'
[2.185s] Level 5:colcon.colcon_core.verb:set package 'waverunner_package' build argument 'ament_cmake_args' from command line to 'None'
[2.185s] Level 5:colcon.colcon_core.verb:set package 'waverunner_package' build argument 'catkin_cmake_args' from command line to 'None'
[2.185s] Level 5:colcon.colcon_core.verb:set package 'waverunner_package' build argument 'catkin_skip_building_tests' from command line to 'False'
[2.186s] DEBUG:colcon.colcon_core.verb:Building package 'waverunner_package' with the following arguments: {'ament_cmake_args': None, 'build_base': '/home/waverunner/Waverunner_Code/WaveRunner2021/build/waverunner_package', 'catkin_cmake_args': None, 'catkin_skip_building_tests': False, 'cmake_args': None, 'cmake_clean_cache': False, 'cmake_clean_first': False, 'cmake_force_configure': False, 'cmake_target': None, 'cmake_target_skip_unavailable': False, 'install_base': '/home/waverunner/Waverunner_Code/WaveRunner2021/install/waverunner_package', 'merge_install': False, 'path': '/home/waverunner/Waverunner_Code/WaveRunner2021/dev_workspace/src/waverunner_package', 'symlink_install': False, 'test_result_base': None}
[2.189s] INFO:colcon.colcon_core.executor:Executing jobs using 'parallel' executor
[2.211s] DEBUG:colcon.colcon_parallel_executor.executor.parallel:run_until_complete
[2.213s] INFO:colcon.colcon_ros.task.ament_python.build:Building ROS package in '/home/waverunner/Waverunner_Code/WaveRunner2021/dev_ws/src/my_package' with build type 'ament_python'
[2.215s] Level 1:colcon.colcon_core.shell:create_environment_hook('my_package', 'ament_prefix_path')
[2.247s] INFO:colcon.colcon_core.plugin_system:Skipping extension 'colcon_core.shell.bat': Not used on non-Windows systems
[2.249s] INFO:colcon.colcon_core.shell:Creating environment hook '/home/waverunner/Waverunner_Code/WaveRunner2021/install/my_package/share/my_package/hook/ament_prefix_path.ps1'
[2.254s] INFO:colcon.colcon_core.shell:Creating environment descriptor '/home/waverunner/Waverunner_Code/WaveRunner2021/install/my_package/share/my_package/hook/ament_prefix_path.dsv'
[2.258s] INFO:colcon.colcon_core.shell:Creating environment hook '/home/waverunner/Waverunner_Code/WaveRunner2021/install/my_package/share/my_package/hook/ament_prefix_path.sh'
[2.269s] INFO:colcon.colcon_core.shell:Skip shell extension 'powershell' for command environment: Not usable outside of PowerShell
[2.270s] DEBUG:colcon.colcon_core.shell:Skip shell extension 'dsv' for command environment
[2.301s] DEBUG:colcon.colcon_core.shell:Ignoring prefix path '/opt/ros/dashing'
[2.319s] INFO:colcon.colcon_ros.task.ament_python.build:Building ROS package in '/home/waverunner/Waverunner_Code/WaveRunner2021/dev_ws/src/py_pubsub' with build type 'ament_python'
[2.321s] Level 1:colcon.colcon_core.shell:create_environment_hook('py_pubsub', 'ament_prefix_path')
[2.337s] INFO:colcon.colcon_core.shell:Creating environment hook '/home/waverunner/Waverunner_Code/WaveRunner2021/install/py_pubsub/share/py_pubsub/hook/ament_prefix_path.ps1'
[2.341s] INFO:colcon.colcon_core.shell:Creating environment descriptor '/home/waverunner/Waverunner_Code/WaveRunner2021/install/py_pubsub/share/py_pubsub/hook/ament_prefix_path.dsv'
[2.343s] INFO:colcon.colcon_core.shell:Creating environment hook '/home/waverunner/Waverunner_Code/WaveRunner2021/install/py_pubsub/share/py_pubsub/hook/ament_prefix_path.sh'
[2.352s] INFO:colcon.colcon_core.shell:Skip shell extension 'powershell' for command environment: Not usable outside of PowerShell
[2.353s] DEBUG:colcon.colcon_core.shell:Skip shell extension 'dsv' for command environment
[2.374s] DEBUG:colcon.colcon_core.shell:Ignoring prefix path '/opt/ros/dashing'
[4.765s] INFO:colcon.colcon_core.task.python.build:Building Python package in '/home/waverunner/Waverunner_Code/WaveRunner2021/dev_ws/src/my_package'
[4.774s] INFO:colcon.colcon_core.shell:Skip shell extension 'powershell' for command environment: Not usable outside of PowerShell
[4.774s] DEBUG:colcon.colcon_core.shell:Skip shell extension 'dsv' for command environment
[4.795s] DEBUG:colcon.colcon_core.shell:Ignoring prefix path '/opt/ros/dashing'
[7.161s] INFO:colcon.colcon_core.task.python.build:Building Python package in '/home/waverunner/Waverunner_Code/WaveRunner2021/dev_ws/src/py_pubsub'
[7.168s] INFO:colcon.colcon_core.shell:Skip shell extension 'powershell' for command environment: Not usable outside of PowerShell
[7.169s] DEBUG:colcon.colcon_core.shell:Skip shell extension 'dsv' for command environment
[7.187s] DEBUG:colcon.colcon_core.shell:Ignoring prefix path '/opt/ros/dashing'
[7.222s] DEBUG:colcon.colcon_core.event_handler.log_command:Invoking command in '/home/waverunner/Waverunner_Code/WaveRunner2021/dev_ws/src/my_package': PYTHONPATH=/home/waverunner/Waverunner_Code/WaveRunner2021/install/my_package/lib/python3.6/site-packages:${PYTHONPATH} /usr/bin/python3 setup.py egg_info --egg-base ../../../build/my_package build --build-base /home/waverunner/Waverunner_Code/WaveRunner2021/build/my_package/build install --prefix /home/waverunner/Waverunner_Code/WaveRunner2021/install/my_package --record /home/waverunner/Waverunner_Code/WaveRunner2021/build/my_package/install.log --single-version-externally-managed
[7.290s] DEBUG:colcon.colcon_core.event_handler.log_command:Invoking command in '/home/waverunner/Waverunner_Code/WaveRunner2021/dev_ws/src/py_pubsub': PYTHONPATH=/home/waverunner/Waverunner_Code/WaveRunner2021/install/py_pubsub/lib/python3.6/site-packages:${PYTHONPATH} /usr/bin/python3 setup.py egg_info --egg-base ../../../build/py_pubsub build --build-base /home/waverunner/Waverunner_Code/WaveRunner2021/build/py_pubsub/build install --prefix /home/waverunner/Waverunner_Code/WaveRunner2021/install/py_pubsub --record /home/waverunner/Waverunner_Code/WaveRunner2021/build/py_pubsub/install.log --single-version-externally-managed
[11.203s] DEBUG:colcon.colcon_core.event_handler.log_command:Invoked command in '/home/waverunner/Waverunner_Code/WaveRunner2021/dev_ws/src/my_package' returned '0': PYTHONPATH=/home/waverunner/Waverunner_Code/WaveRunner2021/install/my_package/lib/python3.6/site-packages:${PYTHONPATH} /usr/bin/python3 setup.py egg_info --egg-base ../../../build/my_package build --build-base /home/waverunner/Waverunner_Code/WaveRunner2021/build/my_package/build install --prefix /home/waverunner/Waverunner_Code/WaveRunner2021/install/my_package --record /home/waverunner/Waverunner_Code/WaveRunner2021/build/my_package/install.log --single-version-externally-managed
[11.264s] Level 1:colcon.colcon_core.environment:checking '/home/waverunner/Waverunner_Code/WaveRunner2021/install/my_package' for CMake module files
[11.269s] Level 1:colcon.colcon_core.environment:checking '/home/waverunner/Waverunner_Code/WaveRunner2021/install/my_package' for CMake config files
[11.288s] Level 1:colcon.colcon_core.environment:checking '/home/waverunner/Waverunner_Code/WaveRunner2021/install/my_package/lib'
[11.290s] Level 1:colcon.colcon_core.environment:checking '/home/waverunner/Waverunner_Code/WaveRunner2021/install/my_package/bin'
[11.290s] Level 1:colcon.colcon_core.environment:checking '/home/waverunner/Waverunner_Code/WaveRunner2021/install/my_package/lib/pkgconfig/my_package.pc'
[11.291s] Level 1:colcon.colcon_core.environment:checking '/home/waverunner/Waverunner_Code/WaveRunner2021/install/my_package/lib/python3.6/site-packages'
[11.291s] Level 1:colcon.colcon_core.shell:create_environment_hook('my_package', 'pythonpath')
[11.306s] INFO:colcon.colcon_core.shell:Creating environment hook '/home/waverunner/Waverunner_Code/WaveRunner2021/install/my_package/share/my_package/hook/pythonpath.ps1'
[11.321s] INFO:colcon.colcon_core.shell:Creating environment descriptor '/home/waverunner/Waverunner_Code/WaveRunner2021/install/my_package/share/my_package/hook/pythonpath.dsv'
[11.324s] INFO:colcon.colcon_core.shell:Creating environment hook '/home/waverunner/Waverunner_Code/WaveRunner2021/install/my_package/share/my_package/hook/pythonpath.sh'
[11.326s] Level 1:colcon.colcon_core.environment:create_environment_scripts_only(my_package)
[11.350s] INFO:colcon.colcon_core.shell:Creating package script '/home/waverunner/Waverunner_Code/WaveRunner2021/install/my_package/share/my_package/package.ps1'
[11.358s] INFO:colcon.colcon_core.shell:Creating package descriptor '/home/waverunner/Waverunner_Code/WaveRunner2021/install/my_package/share/my_package/package.dsv'
[11.363s] INFO:colcon.colcon_core.shell:Creating package script '/home/waverunner/Waverunner_Code/WaveRunner2021/install/my_package/share/my_package/package.sh'
[11.379s] INFO:colcon.colcon_core.shell:Creating package script '/home/waverunner/Waverunner_Code/WaveRunner2021/install/my_package/share/my_package/package.bash'
[11.400s] INFO:colcon.colcon_core.shell:Creating package script '/home/waverunner/Waverunner_Code/WaveRunner2021/install/my_package/share/my_package/package.zsh'
[11.412s] Level 1:colcon.colcon_core.environment:create_file_with_runtime_dependencies(/home/waverunner/Waverunner_Code/WaveRunner2021/install/my_package/share/colcon-core/packages/my_package)
[11.423s] INFO:colcon.colcon_ros.task.ament_cmake.build:Building ROS package in '/home/waverunner/Waverunner_Code/WaveRunner2021/dev_ws/src/ros_tutorials/turtlesim' with build type 'ament_cmake'
[11.436s] INFO:colcon.colcon_cmake.task.cmake.build:Building CMake package in '/home/waverunner/Waverunner_Code/WaveRunner2021/dev_ws/src/ros_tutorials/turtlesim'
[11.450s] INFO:colcon.colcon_core.shell:Skip shell extension 'powershell' for command environment: Not usable outside of PowerShell
[11.450s] DEBUG:colcon.colcon_core.shell:Skip shell extension 'dsv' for command environment
[11.487s] DEBUG:colcon.colcon_core.shell:Ignoring prefix path '/opt/ros/dashing'
[11.551s] DEBUG:colcon.colcon_core.event_handler.log_command:Invoking command in '/home/waverunner/Waverunner_Code/WaveRunner2021/build/turtlesim': CMAKE_PREFIX_PATH=/opt/ros/dashing /usr/bin/cmake /home/waverunner/Waverunner_Code/WaveRunner2021/dev_ws/src/ros_tutorials/turtlesim -DCMAKE_INSTALL_PREFIX=/home/waverunner/Waverunner_Code/WaveRunner2021/install/turtlesim
[11.603s] DEBUG:colcon.colcon_core.event_handler.log_command:Invoked command in '/home/waverunner/Waverunner_Code/WaveRunner2021/dev_ws/src/py_pubsub' returned '0': PYTHONPATH=/home/waverunner/Waverunner_Code/WaveRunner2021/install/py_pubsub/lib/python3.6/site-packages:${PYTHONPATH} /usr/bin/python3 setup.py egg_info --egg-base ../../../build/py_pubsub build --build-base /home/waverunner/Waverunner_Code/WaveRunner2021/build/py_pubsub/build install --prefix /home/waverunner/Waverunner_Code/WaveRunner2021/install/py_pubsub --record /home/waverunner/Waverunner_Code/WaveRunner2021/build/py_pubsub/install.log --single-version-externally-managed
[11.616s] Level 1:colcon.colcon_core.environment:checking '/home/waverunner/Waverunner_Code/WaveRunner2021/install/py_pubsub' for CMake module files
[11.623s] Level 1:colcon.colcon_core.environment:checking '/home/waverunner/Waverunner_Code/WaveRunner2021/install/py_pubsub' for CMake config files
[11.635s] Level 1:colcon.colcon_core.environment:checking '/home/waverunner/Waverunner_Code/WaveRunner2021/install/py_pubsub/lib'
[11.644s] Level 1:colcon.colcon_core.environment:checking '/home/waverunner/Waverunner_Code/WaveRunner2021/install/py_pubsub/bin'
[11.645s] Level 1:colcon.colcon_core.environment:checking '/home/waverunner/Waverunner_Code/WaveRunner2021/install/py_pubsub/lib/pkgconfig/py_pubsub.pc'
[11.646s] Level 1:colcon.colcon_core.environment:checking '/home/waverunner/Waverunner_Code/WaveRunner2021/install/py_pubsub/lib/python3.6/site-packages'
[11.646s] Level 1:colcon.colcon_core.shell:create_environment_hook('py_pubsub', 'pythonpath')
[11.665s] INFO:colcon.colcon_core.shell:Creating environment hook '/home/waverunner/Waverunner_Code/WaveRunner2021/install/py_pubsub/share/py_pubsub/hook/pythonpath.ps1'
[11.668s] INFO:colcon.colcon_core.shell:Creating environment descriptor '/home/waverunner/Waverunner_Code/WaveRunner2021/install/py_pubsub/share/py_pubsub/hook/pythonpath.dsv'
[11.670s] INFO:colcon.colcon_core.shell:Creating environment hook '/home/waverunner/Waverunner_Code/WaveRunner2021/install/py_pubsub/share/py_pubsub/hook/pythonpath.sh'
[11.674s] Level 1:colcon.colcon_core.environment:create_environment_scripts_only(py_pubsub)
[11.690s] INFO:colcon.colcon_core.shell:Creating package script '/home/waverunner/Waverunner_Code/WaveRunner2021/install/py_pubsub/share/py_pubsub/package.ps1'
[11.703s] INFO:colcon.colcon_core.shell:Creating package descriptor '/home/waverunner/Waverunner_Code/WaveRunner2021/install/py_pubsub/share/py_pubsub/package.dsv'
[11.717s] INFO:colcon.colcon_core.shell:Creating package script '/home/waverunner/Waverunner_Code/WaveRunner2021/install/py_pubsub/share/py_pubsub/package.sh'
[11.724s] INFO:colcon.colcon_core.shell:Creating package script '/home/waverunner/Waverunner_Code/WaveRunner2021/install/py_pubsub/share/py_pubsub/package.bash'
[11.727s] INFO:colcon.colcon_core.shell:Creating package script '/home/waverunner/Waverunner_Code/WaveRunner2021/install/py_pubsub/share/py_pubsub/package.zsh'
[11.730s] Level 1:colcon.colcon_core.environment:create_file_with_runtime_dependencies(/home/waverunner/Waverunner_Code/WaveRunner2021/install/py_pubsub/share/colcon-core/packages/py_pubsub)
[11.751s] INFO:colcon.colcon_ros.task.ament_python.build:Building ROS package in '/home/waverunner/Waverunner_Code/WaveRunner2021/dev_workspace/src/waverunner_package' with build type 'ament_python'
[11.757s] Level 1:colcon.colcon_core.shell:create_environment_hook('waverunner_package', 'ament_prefix_path')
[11.769s] INFO:colcon.colcon_core.shell:Creating environment hook '/home/waverunner/Waverunner_Code/WaveRunner2021/install/waverunner_package/share/waverunner_package/hook/ament_prefix_path.ps1'
[11.773s] INFO:colcon.colcon_core.shell:Creating environment descriptor '/home/waverunner/Waverunner_Code/WaveRunner2021/install/waverunner_package/share/waverunner_package/hook/ament_prefix_path.dsv'
[11.784s] INFO:colcon.colcon_core.shell:Creating environment hook '/home/waverunner/Waverunner_Code/WaveRunner2021/install/waverunner_package/share/waverunner_package/hook/ament_prefix_path.sh'
[11.795s] INFO:colcon.colcon_core.shell:Skip shell extension 'powershell' for command environment: Not usable outside of PowerShell
[11.796s] DEBUG:colcon.colcon_core.shell:Skip shell extension 'dsv' for command environment
[11.828s] DEBUG:colcon.colcon_core.shell:Ignoring prefix path '/opt/ros/dashing'
[15.257s] INFO:colcon.colcon_core.task.python.build:Building Python package in '/home/waverunner/Waverunner_Code/WaveRunner2021/dev_workspace/src/waverunner_package'
[15.271s] INFO:colcon.colcon_core.shell:Skip shell extension 'powershell' for command environment: Not usable outside of PowerShell
[15.279s] DEBUG:colcon.colcon_core.shell:Skip shell extension 'dsv' for command environment
[15.322s] DEBUG:colcon.colcon_core.shell:Ignoring prefix path '/opt/ros/dashing'
[15.393s] DEBUG:colcon.colcon_core.event_handler.log_command:Invoking command in '/home/waverunner/Waverunner_Code/WaveRunner2021/dev_workspace/src/waverunner_package': PYTHONPATH=/home/waverunner/Waverunner_Code/WaveRunner2021/install/waverunner_package/lib/python3.6/site-packages:${PYTHONPATH} /usr/bin/python3 setup.py egg_info --egg-base ../../../build/waverunner_package build --build-base /home/waverunner/Waverunner_Code/WaveRunner2021/build/waverunner_package/build install --prefix /home/waverunner/Waverunner_Code/WaveRunner2021/install/waverunner_package --record /home/waverunner/Waverunner_Code/WaveRunner2021/build/waverunner_package/install.log --single-version-externally-managed
[19.934s] DEBUG:colcon.colcon_core.event_handler.log_command:Invoked command in '/home/waverunner/Waverunner_Code/WaveRunner2021/dev_workspace/src/waverunner_package' returned '0': PYTHONPATH=/home/waverunner/Waverunner_Code/WaveRunner2021/install/waverunner_package/lib/python3.6/site-packages:${PYTHONPATH} /usr/bin/python3 setup.py egg_info --egg-base ../../../build/waverunner_package build --build-base /home/waverunner/Waverunner_Code/WaveRunner2021/build/waverunner_package/build install --prefix /home/waverunner/Waverunner_Code/WaveRunner2021/install/waverunner_package --record /home/waverunner/Waverunner_Code/WaveRunner2021/build/waverunner_package/install.log --single-version-externally-managed
[19.955s] Level 1:colcon.colcon_core.environment:checking '/home/waverunner/Waverunner_Code/WaveRunner2021/install/waverunner_package' for CMake module files
[19.960s] Level 1:colcon.colcon_core.environment:checking '/home/waverunner/Waverunner_Code/WaveRunner2021/install/waverunner_package' for CMake config files
[19.981s] Level 1:colcon.colcon_core.environment:checking '/home/waverunner/Waverunner_Code/WaveRunner2021/install/waverunner_package/lib'
[19.984s] Level 1:colcon.colcon_core.environment:checking '/home/waverunner/Waverunner_Code/WaveRunner2021/install/waverunner_package/bin'
[19.985s] Level 1:colcon.colcon_core.environment:checking '/home/waverunner/Waverunner_Code/WaveRunner2021/install/waverunner_package/lib/pkgconfig/waverunner_package.pc'
[19.986s] Level 1:colcon.colcon_core.environment:checking '/home/waverunner/Waverunner_Code/WaveRunner2021/install/waverunner_package/lib/python3.6/site-packages'
[19.986s] Level 1:colcon.colcon_core.shell:create_environment_hook('waverunner_package', 'pythonpath')
[19.994s] INFO:colcon.colcon_core.shell:Creating environment hook '/home/waverunner/Waverunner_Code/WaveRunner2021/install/waverunner_package/share/waverunner_package/hook/pythonpath.ps1'
[19.998s] INFO:colcon.colcon_core.shell:Creating environment descriptor '/home/waverunner/Waverunner_Code/WaveRunner2021/install/waverunner_package/share/waverunner_package/hook/pythonpath.dsv'
[20.000s] INFO:colcon.colcon_core.shell:Creating environment hook '/home/waverunner/Waverunner_Code/WaveRunner2021/install/waverunner_package/share/waverunner_package/hook/pythonpath.sh'
[20.003s] Level 1:colcon.colcon_core.environment:create_environment_scripts_only(waverunner_package)
[20.018s] INFO:colcon.colcon_core.shell:Creating package script '/home/waverunner/Waverunner_Code/WaveRunner2021/install/waverunner_package/share/waverunner_package/package.ps1'
[20.031s] INFO:colcon.colcon_core.shell:Creating package descriptor '/home/waverunner/Waverunner_Code/WaveRunner2021/install/waverunner_package/share/waverunner_package/package.dsv'
[20.034s] INFO:colcon.colcon_core.shell:Creating package script '/home/waverunner/Waverunner_Code/WaveRunner2021/install/waverunner_package/share/waverunner_package/package.sh'
[20.045s] INFO:colcon.colcon_core.shell:Creating package script '/home/waverunner/Waverunner_Code/WaveRunner2021/install/waverunner_package/share/waverunner_package/package.bash'
[20.048s] INFO:colcon.colcon_core.shell:Creating package script '/home/waverunner/Waverunner_Code/WaveRunner2021/install/waverunner_package/share/waverunner_package/package.zsh'
[20.051s] Level 1:colcon.colcon_core.environment:create_file_with_runtime_dependencies(/home/waverunner/Waverunner_Code/WaveRunner2021/install/waverunner_package/share/colcon-core/packages/waverunner_package)
[35.525s] DEBUG:colcon.colcon_core.event_handler.log_command:Invoked command in '/home/waverunner/Waverunner_Code/WaveRunner2021/build/turtlesim' returned '0': CMAKE_PREFIX_PATH=/opt/ros/dashing /usr/bin/cmake /home/waverunner/Waverunner_Code/WaveRunner2021/dev_ws/src/ros_tutorials/turtlesim -DCMAKE_INSTALL_PREFIX=/home/waverunner/Waverunner_Code/WaveRunner2021/install/turtlesim
[35.545s] DEBUG:colcon.colcon_core.event_handler.log_command:Invoking command in '/home/waverunner/Waverunner_Code/WaveRunner2021/build/turtlesim': CMAKE_PREFIX_PATH=/opt/ros/dashing /usr/bin/cmake --build /home/waverunner/Waverunner_Code/WaveRunner2021/build/turtlesim -- -j2 -l2
[47.658s] DEBUG:colcon.colcon_parallel_executor.executor.parallel:run_until_complete was interrupted
[47.659s] DEBUG:colcon.colcon_parallel_executor.executor.parallel:run_until_complete again
[47.930s] DEBUG:colcon.colcon_core.event_handler.log_command:Invoked command in '/home/waverunner/Waverunner_Code/WaveRunner2021/build/turtlesim' returned '-2': CMAKE_PREFIX_PATH=/opt/ros/dashing /usr/bin/cmake --build /home/waverunner/Waverunner_Code/WaveRunner2021/build/turtlesim -- -j2 -l2
[49.454s] Level 1:colcon.colcon_core.environment:create_environment_scripts_only(turtlesim)
[49.464s] Level 1:colcon.colcon_core.environment:checking '/home/waverunner/Waverunner_Code/WaveRunner2021/install/turtlesim' for CMake module files
[49.468s] Level 1:colcon.colcon_core.environment:checking '/home/waverunner/Waverunner_Code/WaveRunner2021/install/turtlesim' for CMake config files
[49.472s] Level 1:colcon.colcon_core.environment:checking '/home/waverunner/Waverunner_Code/WaveRunner2021/install/turtlesim/bin'
[49.472s] Level 1:colcon.colcon_core.environment:checking '/home/waverunner/Waverunner_Code/WaveRunner2021/install/turtlesim/lib/pkgconfig/turtlesim.pc'
[49.473s] Level 1:colcon.colcon_core.environment:checking '/home/waverunner/Waverunner_Code/WaveRunner2021/install/turtlesim/lib/python3.6/site-packages'
[49.479s] INFO:colcon.colcon_core.shell:Creating package script '/home/waverunner/Waverunner_Code/WaveRunner2021/install/turtlesim/share/turtlesim/package.ps1'
[49.483s] INFO:colcon.colcon_core.shell:Creating package descriptor '/home/waverunner/Waverunner_Code/WaveRunner2021/install/turtlesim/share/turtlesim/package.dsv'
[49.486s] INFO:colcon.colcon_core.shell:Creating package script '/home/waverunner/Waverunner_Code/WaveRunner2021/install/turtlesim/share/turtlesim/package.sh'
[49.489s] INFO:colcon.colcon_core.shell:Creating package script '/home/waverunner/Waverunner_Code/WaveRunner2021/install/turtlesim/share/turtlesim/package.bash'
[49.492s] INFO:colcon.colcon_core.shell:Creating package script '/home/waverunner/Waverunner_Code/WaveRunner2021/install/turtlesim/share/turtlesim/package.zsh'
[49.495s] Level 1:colcon.colcon_core.environment:create_file_with_runtime_dependencies(/home/waverunner/Waverunner_Code/WaveRunner2021/install/turtlesim/share/colcon-core/packages/turtlesim)
[49.501s] DEBUG:colcon.colcon_parallel_executor.executor.parallel:run_until_complete finished
[49.501s] DEBUG:colcon.colcon_parallel_executor.executor.parallel:closing loop
[49.506s] DEBUG:colcon.colcon_parallel_executor.executor.parallel:loop closed
[49.506s] DEBUG:colcon.colcon_core.event_reactor:joining thread
[49.557s] INFO:colcon.colcon_core.plugin_system:Skipping extension 'colcon_notification.desktop_notification.terminal_notifier': Not used on non-Darwin systems
[49.558s] INFO:colcon.colcon_core.plugin_system:Skipping extension 'colcon_notification.desktop_notification.win32': Not used on non-Windows systems
[49.559s] INFO:colcon.colcon_notification.desktop_notification:Sending desktop notification using 'notify2'
[49.604s] DEBUG:colcon.colcon_core.event_reactor:joined thread
[49.616s] INFO:colcon.colcon_core.shell:Creating prefix script '/home/waverunner/Waverunner_Code/WaveRunner2021/install/local_setup.ps1'
[49.627s] INFO:colcon.colcon_core.shell:Creating prefix util module '/home/waverunner/Waverunner_Code/WaveRunner2021/install/_local_setup_util_ps1.py'
[49.689s] INFO:colcon.colcon_core.shell:Creating prefix chain script '/home/waverunner/Waverunner_Code/WaveRunner2021/install/setup.ps1'
[49.726s] INFO:colcon.colcon_core.shell:Creating prefix script '/home/waverunner/Waverunner_Code/WaveRunner2021/install/local_setup.sh'
[49.731s] INFO:colcon.colcon_core.shell:Creating prefix util module '/home/waverunner/Waverunner_Code/WaveRunner2021/install/_local_setup_util_sh.py'
[49.735s] INFO:colcon.colcon_core.shell:Creating prefix chain script '/home/waverunner/Waverunner_Code/WaveRunner2021/install/setup.sh'
[49.762s] INFO:colcon.colcon_core.shell:Creating prefix script '/home/waverunner/Waverunner_Code/WaveRunner2021/install/local_setup.bash'
[49.767s] INFO:colcon.colcon_core.shell:Creating prefix chain script '/home/waverunner/Waverunner_Code/WaveRunner2021/install/setup.bash'
[49.793s] INFO:colcon.colcon_core.shell:Creating prefix script '/home/waverunner/Waverunner_Code/WaveRunner2021/install/local_setup.zsh'
[49.798s] INFO:colcon.colcon_core.shell:Creating prefix chain script '/home/waverunner/Waverunner_Code/WaveRunner2021/install/setup.zsh'
