/home/waverunner/.local/lib/python3.6/site-packages/setuptools/dist.py:645: UserWarning: Usage of dash-separated 'script-dir' will not be supported in future versions. Please use the underscore name 'script_dir' instead
  % (opt, underscore_opt))
/home/waverunner/.local/lib/python3.6/site-packages/setuptools/dist.py:645: UserWarning: Usage of dash-separated 'install-scripts' will not be supported in future versions. Please use the underscore name 'install_scripts' instead
  % (opt, underscore_opt))
running egg_info
creating ../../../build/waverunner_package/waverunner_package.egg-info
writing ../../../build/waverunner_package/waverunner_package.egg-info/PKG-INFO
writing dependency_links to ../../../build/waverunner_package/waverunner_package.egg-info/dependency_links.txt
writing entry points to ../../../build/waverunner_package/waverunner_package.egg-info/entry_points.txt
writing requirements to ../../../build/waverunner_package/waverunner_package.egg-info/requires.txt
writing top-level names to ../../../build/waverunner_package/waverunner_package.egg-info/top_level.txt
writing manifest file '../../../build/waverunner_package/waverunner_package.egg-info/SOURCES.txt'
reading manifest file '../../../build/waverunner_package/waverunner_package.egg-info/SOURCES.txt'
writing manifest file '../../../build/waverunner_package/waverunner_package.egg-info/SOURCES.txt'
running build
running build_py
creating /home/waverunner/Waverunner_Code/WaveRunner2021/build/waverunner_package/build
creating /home/waverunner/Waverunner_Code/WaveRunner2021/build/waverunner_package/build/lib
creating /home/waverunner/Waverunner_Code/WaveRunner2021/build/waverunner_package/build/lib/waverunner_package
copying waverunner_package/publisher_member_function.py -> /home/waverunner/Waverunner_Code/WaveRunner2021/build/waverunner_package/build/lib/waverunner_package
copying waverunner_package/__init__.py -> /home/waverunner/Waverunner_Code/WaveRunner2021/build/waverunner_package/build/lib/waverunner_package
copying waverunner_package/waverunner_publisher.py -> /home/waverunner/Waverunner_Code/WaveRunner2021/build/waverunner_package/build/lib/waverunner_package
running install
running install_lib
creating /home/waverunner/Waverunner_Code/WaveRunner2021/install/waverunner_package/lib/python3.6/site-packages/waverunner_package
copying /home/waverunner/Waverunner_Code/WaveRunner2021/build/waverunner_package/build/lib/waverunner_package/publisher_member_function.py -> /home/waverunner/Waverunner_Code/WaveRunner2021/install/waverunner_package/lib/python3.6/site-packages/waverunner_package
copying /home/waverunner/Waverunner_Code/WaveRunner2021/build/waverunner_package/build/lib/waverunner_package/__init__.py -> /home/waverunner/Waverunner_Code/WaveRunner2021/install/waverunner_package/lib/python3.6/site-packages/waverunner_package
copying /home/waverunner/Waverunner_Code/WaveRunner2021/build/waverunner_package/build/lib/waverunner_package/waverunner_publisher.py -> /home/waverunner/Waverunner_Code/WaveRunner2021/install/waverunner_package/lib/python3.6/site-packages/waverunner_package
byte-compiling /home/waverunner/Waverunner_Code/WaveRunner2021/install/waverunner_package/lib/python3.6/site-packages/waverunner_package/publisher_member_function.py to publisher_member_function.cpython-36.pyc
byte-compiling /home/waverunner/Waverunner_Code/WaveRunner2021/install/waverunner_package/lib/python3.6/site-packages/waverunner_package/__init__.py to __init__.cpython-36.pyc
byte-compiling /home/waverunner/Waverunner_Code/WaveRunner2021/install/waverunner_package/lib/python3.6/site-packages/waverunner_package/waverunner_publisher.py to waverunner_publisher.cpython-36.pyc
running install_data
creating /home/waverunner/Waverunner_Code/WaveRunner2021/install/waverunner_package/share/ament_index
creating /home/waverunner/Waverunner_Code/WaveRunner2021/install/waverunner_package/share/ament_index/resource_index
creating /home/waverunner/Waverunner_Code/WaveRunner2021/install/waverunner_package/share/ament_index/resource_index/packages
copying resource/waverunner_package -> /home/waverunner/Waverunner_Code/WaveRunner2021/install/waverunner_package/share/ament_index/resource_index/packages
copying package.xml -> /home/waverunner/Waverunner_Code/WaveRunner2021/install/waverunner_package/share/waverunner_package
running install_egg_info
Copying ../../../build/waverunner_package/waverunner_package.egg-info to /home/waverunner/Waverunner_Code/WaveRunner2021/install/waverunner_package/lib/python3.6/site-packages/waverunner_package-0.0.0-py3.6.egg-info
running install_scripts
Installing listener script to /home/waverunner/Waverunner_Code/WaveRunner2021/install/waverunner_package/lib/waverunner_package
Installing talker script to /home/waverunner/Waverunner_Code/WaveRunner2021/install/waverunner_package/lib/waverunner_package
writing list of installed files to '/home/waverunner/Waverunner_Code/WaveRunner2021/build/waverunner_package/install.log'
