[3.639s] Invoking command in '/home/waverunner/Waverunner_Code/WaveRunner2021/dev_workspace/src/waverunner_package': PYTHONPATH=/home/waverunner/Waverunner_Code/WaveRunner2021/install/waverunner_package/lib/python3.6/site-packages:${PYTHONPATH} /usr/bin/python3 setup.py egg_info --egg-base ../../../build/waverunner_package build --build-base /home/waverunner/Waverunner_Code/WaveRunner2021/build/waverunner_package/build install --prefix /home/waverunner/Waverunner_Code/WaveRunner2021/install/waverunner_package --record /home/waverunner/Waverunner_Code/WaveRunner2021/build/waverunner_package/install.log --single-version-externally-managed
[6.657s] /home/waverunner/.local/lib/python3.6/site-packages/setuptools/dist.py:645: UserWarning: Usage of dash-separated 'script-dir' will not be supported in future versions. Please use the underscore name 'script_dir' instead
[6.666s]   % (opt, underscore_opt))
[6.667s] /home/waverunner/.local/lib/python3.6/site-packages/setuptools/dist.py:645: UserWarning: Usage of dash-separated 'install-scripts' will not be supported in future versions. Please use the underscore name 'install_scripts' instead
[6.669s]   % (opt, underscore_opt))
[7.219s] running egg_info
[7.223s] creating ../../../build/waverunner_package/waverunner_package.egg-info
[7.224s] writing ../../../build/waverunner_package/waverunner_package.egg-info/PKG-INFO
[7.234s] writing dependency_links to ../../../build/waverunner_package/waverunner_package.egg-info/dependency_links.txt
[7.235s] writing entry points to ../../../build/waverunner_package/waverunner_package.egg-info/entry_points.txt
[7.236s] writing requirements to ../../../build/waverunner_package/waverunner_package.egg-info/requires.txt
[7.237s] writing top-level names to ../../../build/waverunner_package/waverunner_package.egg-info/top_level.txt
[7.257s] writing manifest file '../../../build/waverunner_package/waverunner_package.egg-info/SOURCES.txt'
[7.682s] reading manifest file '../../../build/waverunner_package/waverunner_package.egg-info/SOURCES.txt'
[7.694s] writing manifest file '../../../build/waverunner_package/waverunner_package.egg-info/SOURCES.txt'
[7.697s] running build
[7.698s] running build_py
[7.701s] creating /home/waverunner/Waverunner_Code/WaveRunner2021/build/waverunner_package/build
[7.702s] creating /home/waverunner/Waverunner_Code/WaveRunner2021/build/waverunner_package/build/lib
[7.703s] creating /home/waverunner/Waverunner_Code/WaveRunner2021/build/waverunner_package/build/lib/waverunner_package
[7.705s] copying waverunner_package/publisher_member_function.py -> /home/waverunner/Waverunner_Code/WaveRunner2021/build/waverunner_package/build/lib/waverunner_package
[7.708s] copying waverunner_package/__init__.py -> /home/waverunner/Waverunner_Code/WaveRunner2021/build/waverunner_package/build/lib/waverunner_package
[7.710s] copying waverunner_package/waverunner_publisher.py -> /home/waverunner/Waverunner_Code/WaveRunner2021/build/waverunner_package/build/lib/waverunner_package
[7.713s] running install
[7.717s] running install_lib
[7.723s] creating /home/waverunner/Waverunner_Code/WaveRunner2021/install/waverunner_package/lib/python3.6/site-packages/waverunner_package
[7.724s] copying /home/waverunner/Waverunner_Code/WaveRunner2021/build/waverunner_package/build/lib/waverunner_package/publisher_member_function.py -> /home/waverunner/Waverunner_Code/WaveRunner2021/install/waverunner_package/lib/python3.6/site-packages/waverunner_package
[7.726s] copying /home/waverunner/Waverunner_Code/WaveRunner2021/build/waverunner_package/build/lib/waverunner_package/__init__.py -> /home/waverunner/Waverunner_Code/WaveRunner2021/install/waverunner_package/lib/python3.6/site-packages/waverunner_package
[7.729s] copying /home/waverunner/Waverunner_Code/WaveRunner2021/build/waverunner_package/build/lib/waverunner_package/waverunner_publisher.py -> /home/waverunner/Waverunner_Code/WaveRunner2021/install/waverunner_package/lib/python3.6/site-packages/waverunner_package
[7.733s] byte-compiling /home/waverunner/Waverunner_Code/WaveRunner2021/install/waverunner_package/lib/python3.6/site-packages/waverunner_package/publisher_member_function.py to publisher_member_function.cpython-36.pyc
[7.737s] byte-compiling /home/waverunner/Waverunner_Code/WaveRunner2021/install/waverunner_package/lib/python3.6/site-packages/waverunner_package/__init__.py to __init__.cpython-36.pyc
[7.739s] byte-compiling /home/waverunner/Waverunner_Code/WaveRunner2021/install/waverunner_package/lib/python3.6/site-packages/waverunner_package/waverunner_publisher.py to waverunner_publisher.cpython-36.pyc
[7.742s] running install_data
[7.747s] creating /home/waverunner/Waverunner_Code/WaveRunner2021/install/waverunner_package/share/ament_index
[7.749s] creating /home/waverunner/Waverunner_Code/WaveRunner2021/install/waverunner_package/share/ament_index/resource_index
[7.750s] creating /home/waverunner/Waverunner_Code/WaveRunner2021/install/waverunner_package/share/ament_index/resource_index/packages
[7.751s] copying resource/waverunner_package -> /home/waverunner/Waverunner_Code/WaveRunner2021/install/waverunner_package/share/ament_index/resource_index/packages
[7.753s] copying package.xml -> /home/waverunner/Waverunner_Code/WaveRunner2021/install/waverunner_package/share/waverunner_package
[7.755s] running install_egg_info
[7.770s] Copying ../../../build/waverunner_package/waverunner_package.egg-info to /home/waverunner/Waverunner_Code/WaveRunner2021/install/waverunner_package/lib/python3.6/site-packages/waverunner_package-0.0.0-py3.6.egg-info
[7.779s] running install_scripts
[7.951s] Installing listener script to /home/waverunner/Waverunner_Code/WaveRunner2021/install/waverunner_package/lib/waverunner_package
[7.952s] Installing talker script to /home/waverunner/Waverunner_Code/WaveRunner2021/install/waverunner_package/lib/waverunner_package
[7.962s] writing list of installed files to '/home/waverunner/Waverunner_Code/WaveRunner2021/build/waverunner_package/install.log'
[8.179s] Invoked command in '/home/waverunner/Waverunner_Code/WaveRunner2021/dev_workspace/src/waverunner_package' returned '0': PYTHONPATH=/home/waverunner/Waverunner_Code/WaveRunner2021/install/waverunner_package/lib/python3.6/site-packages:${PYTHONPATH} /usr/bin/python3 setup.py egg_info --egg-base ../../../build/waverunner_package build --build-base /home/waverunner/Waverunner_Code/WaveRunner2021/build/waverunner_package/build install --prefix /home/waverunner/Waverunner_Code/WaveRunner2021/install/waverunner_package --record /home/waverunner/Waverunner_Code/WaveRunner2021/build/waverunner_package/install.log --single-version-externally-managed
