[4.959s] Invoking command in '/home/waverunner/Waverunner_Code/WaveRunner2021/dev_ws/src/py_pubsub': PYTHONPATH=/home/waverunner/Waverunner_Code/WaveRunner2021/install/py_pubsub/lib/python3.6/site-packages:${PYTHONPATH} /usr/bin/python3 setup.py egg_info --egg-base ../../../build/py_pubsub build --build-base /home/waverunner/Waverunner_Code/WaveRunner2021/build/py_pubsub/build install --prefix /home/waverunner/Waverunner_Code/WaveRunner2021/install/py_pubsub --record /home/waverunner/Waverunner_Code/WaveRunner2021/build/py_pubsub/install.log --single-version-externally-managed
[7.386s] /home/waverunner/.local/lib/python3.6/site-packages/setuptools/dist.py:645: UserWarning: Usage of dash-separated 'script-dir' will not be supported in future versions. Please use the underscore name 'script_dir' instead
[7.400s]   % (opt, underscore_opt))
[7.403s] /home/waverunner/.local/lib/python3.6/site-packages/setuptools/dist.py:645: UserWarning: Usage of dash-separated 'install-scripts' will not be supported in future versions. Please use the underscore name 'install_scripts' instead
[7.404s]   % (opt, underscore_opt))
[7.919s] running egg_info
[7.958s] creating ../../../build/py_pubsub/py_pubsub.egg-info
[7.959s] writing ../../../build/py_pubsub/py_pubsub.egg-info/PKG-INFO
[7.960s] writing dependency_links to ../../../build/py_pubsub/py_pubsub.egg-info/dependency_links.txt
[7.965s] writing entry points to ../../../build/py_pubsub/py_pubsub.egg-info/entry_points.txt
[7.966s] writing requirements to ../../../build/py_pubsub/py_pubsub.egg-info/requires.txt
[7.967s] writing top-level names to ../../../build/py_pubsub/py_pubsub.egg-info/top_level.txt
[7.979s] writing manifest file '../../../build/py_pubsub/py_pubsub.egg-info/SOURCES.txt'
[8.541s] reading manifest file '../../../build/py_pubsub/py_pubsub.egg-info/SOURCES.txt'
[8.559s] writing manifest file '../../../build/py_pubsub/py_pubsub.egg-info/SOURCES.txt'
[8.561s] running build
[8.562s] running build_py
[8.573s] creating /home/waverunner/Waverunner_Code/WaveRunner2021/build/py_pubsub/build
[8.574s] creating /home/waverunner/Waverunner_Code/WaveRunner2021/build/py_pubsub/build/lib
[8.576s] creating /home/waverunner/Waverunner_Code/WaveRunner2021/build/py_pubsub/build/lib/py_pubsub
[8.578s] copying py_pubsub/publisher_member_function.py -> /home/waverunner/Waverunner_Code/WaveRunner2021/build/py_pubsub/build/lib/py_pubsub
[8.579s] copying py_pubsub/__init__.py -> /home/waverunner/Waverunner_Code/WaveRunner2021/build/py_pubsub/build/lib/py_pubsub
[8.580s] copying py_pubsub/subscriber_member_function.py -> /home/waverunner/Waverunner_Code/WaveRunner2021/build/py_pubsub/build/lib/py_pubsub
[8.581s] running install
[8.586s] running install_lib
[8.592s] creating /home/waverunner/Waverunner_Code/WaveRunner2021/install/py_pubsub/lib/python3.6/site-packages/py_pubsub
[8.594s] copying /home/waverunner/Waverunner_Code/WaveRunner2021/build/py_pubsub/build/lib/py_pubsub/publisher_member_function.py -> /home/waverunner/Waverunner_Code/WaveRunner2021/install/py_pubsub/lib/python3.6/site-packages/py_pubsub
[8.596s] copying /home/waverunner/Waverunner_Code/WaveRunner2021/build/py_pubsub/build/lib/py_pubsub/__init__.py -> /home/waverunner/Waverunner_Code/WaveRunner2021/install/py_pubsub/lib/python3.6/site-packages/py_pubsub
[8.600s] copying /home/waverunner/Waverunner_Code/WaveRunner2021/build/py_pubsub/build/lib/py_pubsub/subscriber_member_function.py -> /home/waverunner/Waverunner_Code/WaveRunner2021/install/py_pubsub/lib/python3.6/site-packages/py_pubsub
[8.603s] byte-compiling /home/waverunner/Waverunner_Code/WaveRunner2021/install/py_pubsub/lib/python3.6/site-packages/py_pubsub/publisher_member_function.py to publisher_member_function.cpython-36.pyc
[8.615s] byte-compiling /home/waverunner/Waverunner_Code/WaveRunner2021/install/py_pubsub/lib/python3.6/site-packages/py_pubsub/__init__.py to __init__.cpython-36.pyc
[8.616s] byte-compiling /home/waverunner/Waverunner_Code/WaveRunner2021/install/py_pubsub/lib/python3.6/site-packages/py_pubsub/subscriber_member_function.py to subscriber_member_function.cpython-36.pyc
[8.626s] running install_data
[8.630s] creating /home/waverunner/Waverunner_Code/WaveRunner2021/install/py_pubsub/share/ament_index
[8.631s] creating /home/waverunner/Waverunner_Code/WaveRunner2021/install/py_pubsub/share/ament_index/resource_index
[8.632s] creating /home/waverunner/Waverunner_Code/WaveRunner2021/install/py_pubsub/share/ament_index/resource_index/packages
[8.633s] copying resource/py_pubsub -> /home/waverunner/Waverunner_Code/WaveRunner2021/install/py_pubsub/share/ament_index/resource_index/packages
[8.634s] copying package.xml -> /home/waverunner/Waverunner_Code/WaveRunner2021/install/py_pubsub/share/py_pubsub
[8.638s] running install_egg_info
[8.681s] Copying ../../../build/py_pubsub/py_pubsub.egg-info to /home/waverunner/Waverunner_Code/WaveRunner2021/install/py_pubsub/lib/python3.6/site-packages/py_pubsub-0.0.0-py3.6.egg-info
[8.712s] running install_scripts
[8.978s] Installing listener script to /home/waverunner/Waverunner_Code/WaveRunner2021/install/py_pubsub/lib/py_pubsub
[8.979s] Installing talker script to /home/waverunner/Waverunner_Code/WaveRunner2021/install/py_pubsub/lib/py_pubsub
[8.990s] writing list of installed files to '/home/waverunner/Waverunner_Code/WaveRunner2021/build/py_pubsub/install.log'
[9.272s] Invoked command in '/home/waverunner/Waverunner_Code/WaveRunner2021/dev_ws/src/py_pubsub' returned '0': PYTHONPATH=/home/waverunner/Waverunner_Code/WaveRunner2021/install/py_pubsub/lib/python3.6/site-packages:${PYTHONPATH} /usr/bin/python3 setup.py egg_info --egg-base ../../../build/py_pubsub build --build-base /home/waverunner/Waverunner_Code/WaveRunner2021/build/py_pubsub/build install --prefix /home/waverunner/Waverunner_Code/WaveRunner2021/install/py_pubsub --record /home/waverunner/Waverunner_Code/WaveRunner2021/build/py_pubsub/install.log --single-version-externally-managed
