-- The C compiler identification is GNU 7.5.0
-- The CXX compiler identification is GNU 7.5.0
-- Check for working C compiler: /usr/bin/cc
-- Check for working C compiler: /usr/bin/cc -- works
-- Detecting C compiler ABI info
-- Detecting C compiler ABI info - done
-- Detecting C compile features
-- Detecting C compile features - done
-- Check for working CXX compiler: /usr/bin/c++
-- Check for working CXX compiler: /usr/bin/c++ -- works
-- Detecting CXX compiler ABI info
-- Detecting CXX compiler ABI info - done
-- Detecting CXX compile features
-- Detecting CXX compile features - done
-- Found ament_cmake: 0.7.6 (/opt/ros/dashing/share/ament_cmake/cmake)
-- Found PythonInterp: /usr/bin/python3 (found suitable version "3.6.9", minimum required is "3") 
-- Using PYTHON_EXECUTABLE: /usr/bin/python3
-- Found ament_lint_auto: 0.7.12 (/opt/ros/dashing/share/ament_lint_auto/cmake)
-- Found rosidl_default_generators: 0.7.0 (/opt/ros/dashing/share/rosidl_default_generators/cmake)
-- Found OpenSSL: /usr/lib/aarch64-linux-gnu/libcrypto.so (found version "1.1.1") 
-- Found FastRTPS: /opt/ros/dashing/include  
-- Found rosidl_adapter: 0.7.10 (/opt/ros/dashing/share/rosidl_adapter/cmake)
-- Found PrismTech OpenSplice: /usr/share/opensplice/cmake
-- Found PythonInterp: /usr/bin/python3 (found version "3.6.9") 
-- Using all available rosidl_typesupport_c: rosidl_typesupport_fastrtps_c;rosidl_typesupport_introspection_c;rosidl_typesupport_opensplice_c
-- Using all available rosidl_typesupport_cpp: rosidl_typesupport_fastrtps_cpp;rosidl_typesupport_introspection_cpp;rosidl_typesupport_opensplice_cpp
-- Found rmw_implementation_cmake: 0.7.2 (/opt/ros/dashing/share/rmw_implementation_cmake/cmake)
-- Found PythonInterp: /usr/bin/python3 (found suitable version "3.6.9", minimum required is "3.5") 
-- Found python_cmake_module: 0.7.11 (/opt/ros/dashing/share/python_cmake_module/cmake)
-- Found PythonLibs: /usr/lib/aarch64-linux-gnu/libpython3.6m.so (found suitable version "3.6.9", minimum required is "3.5") 
-- Using PYTHON_EXECUTABLE: /usr/bin/python3
-- Using PYTHON_INCLUDE_DIRS: /usr/include/python3.6m
-- Using PYTHON_LIBRARIES: /usr/lib/aarch64-linux-gnu/libpython3.6m.so
-- Found PythonExtra: .so  
-- Added test 'lint_cmake' to check CMake code style
-- Added test 'xmllint' to check XML markup files
-- Configuring done
-- Generating done
-- Build files have been written to: /home/waverunner/Waverunner_Code/WaveRunner2021/build/message_pkg
[  1%] [34m[1mGenerating C code for ROS interfaces[0m
Traceback (most recent call last):
  File "/opt/ros/dashing/share/rosidl_generator_c/cmake/../../../lib/rosidl_generator_c/rosidl_generator_c", line 40, in <module>
    sys.exit(main())
  File "/opt/ros/dashing/share/rosidl_generator_c/cmake/../../../lib/rosidl_generator_c/rosidl_generator_c", line 35, in main
    args.generator_arguments_file,
  File "/opt/ros/dashing/lib/python3.6/site-packages/rosidl_generator_c/__init__.py", line 37, in generate_c
    generate_files(generator_arguments_file, mapping)
  File "/opt/ros/dashing/lib/python3.6/site-packages/rosidl_cmake/__init__.py", line 70, in generate_files
    idl_file = parse_idl_file(locator)
  File "/opt/ros/dashing/lib/python3.6/site-packages/rosidl_parser/parser.py", line 64, in parse_idl_file
    content = parse_idl_string(string, png_file=png_file)
  File "/opt/ros/dashing/lib/python3.6/site-packages/rosidl_parser/parser.py", line 72, in parse_idl_string
    tree = get_ast_from_idl_string(idl_string)
  File "/opt/ros/dashing/lib/python3.6/site-packages/rosidl_parser/parser.py", line 88, in get_ast_from_idl_string
    _parser = Lark(grammar, start='specification')
  File "/usr/lib/python3/dist-packages/lark/lark.py", line 203, in __init__
    self.grammar = load_grammar(grammar, self.source)
  File "/usr/lib/python3/dist-packages/lark/load_grammar.py", line 703, in load_grammar
    tree = self.canonize_tree.transform( self.parser.parse(grammar_text+'\n') )
  File "/usr/lib/python3/dist-packages/lark/visitors.py", line 122, in transform
    for subtree in tree.iter_subtrees():
  File "/usr/lib/python3/dist-packages/lark/tree.py", line 103, in iter_subtrees
    seen.add(id(x))
KeyboardInterrupt
CMakeFiles/message_pkg__rosidl_generator_c.dir/build.make:76: recipe for target 'rosidl_generator_c/message_pkg/msg/num.h' failed
make[2]: *** [rosidl_generator_c/message_pkg/msg/num.h] Error 1
CMakeFiles/Makefile2:67: recipe for target 'CMakeFiles/message_pkg__rosidl_generator_c.dir/all' failed
make[1]: *** [CMakeFiles/message_pkg__rosidl_generator_c.dir/all] Interrupt
Makefile:140: recipe for target 'all' failed
make: *** [all] Interrupt
