[5.393s] Invoking command in '/home/waverunner/Waverunner_Code/WaveRunner2021/dev_ws/src/py_pubsub': PYTHONPATH=/home/waverunner/Waverunner_Code/WaveRunner2021/install/py_pubsub/lib/python3.6/site-packages:${PYTHONPATH} /usr/bin/python3 setup.py egg_info --egg-base ../../../build/py_pubsub build --build-base /home/waverunner/Waverunner_Code/WaveRunner2021/build/py_pubsub/build install --prefix /home/waverunner/Waverunner_Code/WaveRunner2021/install/py_pubsub --record /home/waverunner/Waverunner_Code/WaveRunner2021/build/py_pubsub/install.log --single-version-externally-managed
[9.826s] /home/waverunner/.local/lib/python3.6/site-packages/setuptools/dist.py:645: UserWarning: Usage of dash-separated 'script-dir' will not be supported in future versions. Please use the underscore name 'script_dir' instead
[9.827s]   % (opt, underscore_opt))
[9.830s] /home/waverunner/.local/lib/python3.6/site-packages/setuptools/dist.py:645: UserWarning: Usage of dash-separated 'install-scripts' will not be supported in future versions. Please use the underscore name 'install_scripts' instead
[9.832s]   % (opt, underscore_opt))
[10.379s] running egg_info
[10.386s] writing ../../../build/py_pubsub/py_pubsub.egg-info/PKG-INFO
[10.396s] writing dependency_links to ../../../build/py_pubsub/py_pubsub.egg-info/dependency_links.txt
[10.398s] writing entry points to ../../../build/py_pubsub/py_pubsub.egg-info/entry_points.txt
[10.399s] writing requirements to ../../../build/py_pubsub/py_pubsub.egg-info/requires.txt
[10.400s] writing top-level names to ../../../build/py_pubsub/py_pubsub.egg-info/top_level.txt
[10.992s] reading manifest file '../../../build/py_pubsub/py_pubsub.egg-info/SOURCES.txt'
[11.030s] writing manifest file '../../../build/py_pubsub/py_pubsub.egg-info/SOURCES.txt'
[11.030s] running build
[11.031s] running build_py
[11.045s] running install
[11.046s] running install_lib
[11.049s] running install_data
[11.062s] running install_egg_info
[11.102s] removing '/home/waverunner/Waverunner_Code/WaveRunner2021/install/py_pubsub/lib/python3.6/site-packages/py_pubsub-0.0.0-py3.6.egg-info' (and everything under it)
[11.103s] Copying ../../../build/py_pubsub/py_pubsub.egg-info to /home/waverunner/Waverunner_Code/WaveRunner2021/install/py_pubsub/lib/python3.6/site-packages/py_pubsub-0.0.0-py3.6.egg-info
[11.103s] running install_scripts
[11.394s] Installing listener script to /home/waverunner/Waverunner_Code/WaveRunner2021/install/py_pubsub/lib/py_pubsub
[11.398s] Installing talker script to /home/waverunner/Waverunner_Code/WaveRunner2021/install/py_pubsub/lib/py_pubsub
[11.406s] writing list of installed files to '/home/waverunner/Waverunner_Code/WaveRunner2021/build/py_pubsub/install.log'
[11.699s] Invoked command in '/home/waverunner/Waverunner_Code/WaveRunner2021/dev_ws/src/py_pubsub' returned '0': PYTHONPATH=/home/waverunner/Waverunner_Code/WaveRunner2021/install/py_pubsub/lib/python3.6/site-packages:${PYTHONPATH} /usr/bin/python3 setup.py egg_info --egg-base ../../../build/py_pubsub build --build-base /home/waverunner/Waverunner_Code/WaveRunner2021/build/py_pubsub/build install --prefix /home/waverunner/Waverunner_Code/WaveRunner2021/install/py_pubsub --record /home/waverunner/Waverunner_Code/WaveRunner2021/build/py_pubsub/install.log --single-version-externally-managed
