/home/waverunner/.local/lib/python3.6/site-packages/setuptools/dist.py:645: UserWarning: Usage of dash-separated 'script-dir' will not be supported in future versions. Please use the underscore name 'script_dir' instead
  % (opt, underscore_opt))
/home/waverunner/.local/lib/python3.6/site-packages/setuptools/dist.py:645: UserWarning: Usage of dash-separated 'install-scripts' will not be supported in future versions. Please use the underscore name 'install_scripts' instead
  % (opt, underscore_opt))
running egg_info
writing ../../../build/my_package/my_package.egg-info/PKG-INFO
writing dependency_links to ../../../build/my_package/my_package.egg-info/dependency_links.txt
writing entry points to ../../../build/my_package/my_package.egg-info/entry_points.txt
writing requirements to ../../../build/my_package/my_package.egg-info/requires.txt
writing top-level names to ../../../build/my_package/my_package.egg-info/top_level.txt
reading manifest file '../../../build/my_package/my_package.egg-info/SOURCES.txt'
writing manifest file '../../../build/my_package/my_package.egg-info/SOURCES.txt'
running build
running build_py
running install
running install_lib
running install_data
running install_egg_info
removing '/home/waverunner/Waverunner_Code/WaveRunner2021/install/my_package/lib/python3.6/site-packages/my_package-0.0.0-py3.6.egg-info' (and everything under it)
Copying ../../../build/my_package/my_package.egg-info to /home/waverunner/Waverunner_Code/WaveRunner2021/install/my_package/lib/python3.6/site-packages/my_package-0.0.0-py3.6.egg-info
running install_scripts
Installing my_node script to /home/waverunner/Waverunner_Code/WaveRunner2021/install/my_package/lib/my_package
writing list of installed files to '/home/waverunner/Waverunner_Code/WaveRunner2021/build/my_package/install.log'
