[5.648s] Invoking command in '/home/waverunner/Waverunner_Code/WaveRunner2021/dev_ws/src/my_package': PYTHONPATH=/home/waverunner/Waverunner_Code/WaveRunner2021/install/my_package/lib/python3.6/site-packages:${PYTHONPATH} /usr/bin/python3 setup.py egg_info --egg-base ../../../build/my_package build --build-base /home/waverunner/Waverunner_Code/WaveRunner2021/build/my_package/build install --prefix /home/waverunner/Waverunner_Code/WaveRunner2021/install/my_package --record /home/waverunner/Waverunner_Code/WaveRunner2021/build/my_package/install.log --single-version-externally-managed
[9.826s] /home/waverunner/.local/lib/python3.6/site-packages/setuptools/dist.py:645: UserWarning: Usage of dash-separated 'script-dir' will not be supported in future versions. Please use the underscore name 'script_dir' instead
[9.834s]   % (opt, underscore_opt))
[9.835s] /home/waverunner/.local/lib/python3.6/site-packages/setuptools/dist.py:645: UserWarning: Usage of dash-separated 'install-scripts' will not be supported in future versions. Please use the underscore name 'install_scripts' instead
[9.856s]   % (opt, underscore_opt))
[10.454s] running egg_info
[10.465s] writing ../../../build/my_package/my_package.egg-info/PKG-INFO
[10.468s] writing dependency_links to ../../../build/my_package/my_package.egg-info/dependency_links.txt
[10.469s] writing entry points to ../../../build/my_package/my_package.egg-info/entry_points.txt
[10.476s] writing requirements to ../../../build/my_package/my_package.egg-info/requires.txt
[10.519s] writing top-level names to ../../../build/my_package/my_package.egg-info/top_level.txt
[11.146s] reading manifest file '../../../build/my_package/my_package.egg-info/SOURCES.txt'
[11.160s] writing manifest file '../../../build/my_package/my_package.egg-info/SOURCES.txt'
[11.161s] running build
[11.162s] running build_py
[11.166s] running install
[11.175s] running install_lib
[11.195s] running install_data
[11.196s] running install_egg_info
[11.220s] removing '/home/waverunner/Waverunner_Code/WaveRunner2021/install/my_package/lib/python3.6/site-packages/my_package-0.0.0-py3.6.egg-info' (and everything under it)
[11.236s] Copying ../../../build/my_package/my_package.egg-info to /home/waverunner/Waverunner_Code/WaveRunner2021/install/my_package/lib/python3.6/site-packages/my_package-0.0.0-py3.6.egg-info
[11.245s] running install_scripts
[11.670s] Installing my_node script to /home/waverunner/Waverunner_Code/WaveRunner2021/install/my_package/lib/my_package
[11.690s] writing list of installed files to '/home/waverunner/Waverunner_Code/WaveRunner2021/build/my_package/install.log'
[11.830s] Invoked command in '/home/waverunner/Waverunner_Code/WaveRunner2021/dev_ws/src/my_package' returned '0': PYTHONPATH=/home/waverunner/Waverunner_Code/WaveRunner2021/install/my_package/lib/python3.6/site-packages:${PYTHONPATH} /usr/bin/python3 setup.py egg_info --egg-base ../../../build/my_package build --build-base /home/waverunner/Waverunner_Code/WaveRunner2021/build/my_package/build install --prefix /home/waverunner/Waverunner_Code/WaveRunner2021/install/my_package --record /home/waverunner/Waverunner_Code/WaveRunner2021/build/my_package/install.log --single-version-externally-managed
